{"C:\\Users\\axelp\\Documents\\GitHub\\Desarrollo-de-software-2\\server\\src\\application\\use-cases\\categoria\\GetCategoriasUseCase.js": {"path":"C:\\Users\\axelp\\Documents\\GitHub\\Desarrollo-de-software-2\\server\\src\\application\\use-cases\\categoria\\GetCategoriasUseCase.js","statementMap":{"0":{"start":{"line":12,"column":4},"end":{"line":12,"column":51}},"1":{"start":{"line":20,"column":4},"end":{"line":20,"column":52}},"2":{"start":{"line":24,"column":0},"end":{"line":24,"column":38}}},"fnMap":{"0":{"name":"(anonymous_0)","decl":{"start":{"line":11,"column":2},"end":{"line":11,"column":3}},"loc":{"start":{"line":11,"column":35},"end":{"line":13,"column":3}},"line":11},"1":{"name":"(anonymous_1)","decl":{"start":{"line":19,"column":2},"end":{"line":19,"column":3}},"loc":{"start":{"line":19,"column":18},"end":{"line":21,"column":3}},"line":19}},"branchMap":{},"s":{"0":4,"1":1,"2":4},"f":{"0":4,"1":1},"b":{},"_coverageSchema":"1a1c01bbd47fc00a2c39e90264f33305004495a9","hash":"4a5255a9b800aea905b945afc88c878420ce5e2f"}
,"C:\\Users\\axelp\\Documents\\GitHub\\Desarrollo-de-software-2\\server\\src\\application\\use-cases\\evaluacion\\CreateEvaluacionUseCase.js": {"path":"C:\\Users\\axelp\\Documents\\GitHub\\Desarrollo-de-software-2\\server\\src\\application\\use-cases\\evaluacion\\CreateEvaluacionUseCase.js","statementMap":{"0":{"start":{"line":7,"column":23},"end":{"line":7,"column":69}},"1":{"start":{"line":8,"column":20},"end":{"line":8,"column":65}},"2":{"start":{"line":16,"column":4},"end":{"line":16,"column":53}},"3":{"start":{"line":17,"column":4},"end":{"line":17,"column":51}},"4":{"start":{"line":31,"column":22},"end":{"line":33,"column":5}},"5":{"start":{"line":35,"column":4},"end":{"line":39,"column":5}},"6":{"start":{"line":36,"column":20},"end":{"line":36,"column":57}},"7":{"start":{"line":37,"column":6},"end":{"line":37,"column":29}},"8":{"start":{"line":38,"column":6},"end":{"line":38,"column":18}},"9":{"start":{"line":41,"column":4},"end":{"line":50,"column":5}},"10":{"start":{"line":45,"column":20},"end":{"line":47,"column":7}},"11":{"start":{"line":48,"column":6},"end":{"line":48,"column":29}},"12":{"start":{"line":49,"column":6},"end":{"line":49,"column":18}},"13":{"start":{"line":53,"column":26},"end":{"line":53,"column":65}},"14":{"start":{"line":54,"column":25},"end":{"line":54,"column":63}},"15":{"start":{"line":56,"column":4},"end":{"line":62,"column":5}},"16":{"start":{"line":57,"column":20},"end":{"line":59,"column":7}},"17":{"start":{"line":60,"column":6},"end":{"line":60,"column":29}},"18":{"start":{"line":61,"column":6},"end":{"line":61,"column":18}},"19":{"start":{"line":65,"column":23},"end":{"line":67,"column":31}},"20":{"start":{"line":70,"column":23},"end":{"line":76,"column":6}},"21":{"start":{"line":79,"column":4},"end":{"line":83,"column":5}},"22":{"start":{"line":80,"column":20},"end":{"line":80,"column":64}},"23":{"start":{"line":81,"column":6},"end":{"line":81,"column":29}},"24":{"start":{"line":82,"column":6},"end":{"line":82,"column":18}},"25":{"start":{"line":87,"column":6},"end":{"line":90,"column":7}},"26":{"start":{"line":92,"column":4},"end":{"line":96,"column":5}},"27":{"start":{"line":93,"column":20},"end":{"line":93,"column":64}},"28":{"start":{"line":94,"column":6},"end":{"line":94,"column":29}},"29":{"start":{"line":95,"column":6},"end":{"line":95,"column":18}},"30":{"start":{"line":99,"column":20},"end":{"line":105,"column":6}},"31":{"start":{"line":107,"column":4},"end":{"line":107,"column":19}},"32":{"start":{"line":111,"column":0},"end":{"line":111,"column":41}}},"fnMap":{"0":{"name":"(anonymous_0)","decl":{"start":{"line":15,"column":2},"end":{"line":15,"column":3}},"loc":{"start":{"line":15,"column":57},"end":{"line":18,"column":3}},"line":15},"1":{"name":"(anonymous_1)","decl":{"start":{"line":29,"column":2},"end":{"line":29,"column":3}},"loc":{"start":{"line":29,"column":36},"end":{"line":108,"column":3}},"line":29}},"branchMap":{"0":{"loc":{"start":{"line":35,"column":4},"end":{"line":39,"column":5}},"type":"if","locations":[{"start":{"line":35,"column":4},"end":{"line":39,"column":5}},{"start":{},"end":{}}],"line":35},"1":{"loc":{"start":{"line":41,"column":4},"end":{"line":50,"column":5}},"type":"if","locations":[{"start":{"line":41,"column":4},"end":{"line":50,"column":5}},{"start":{},"end":{}}],"line":41},"2":{"loc":{"start":{"line":42,"column":6},"end":{"line":43,"column":45}},"type":"binary-expr","locations":[{"start":{"line":42,"column":6},"end":{"line":42,"column":45}},{"start":{"line":43,"column":6},"end":{"line":43,"column":45}}],"line":42},"3":{"loc":{"start":{"line":56,"column":4},"end":{"line":62,"column":5}},"type":"if","locations":[{"start":{"line":56,"column":4},"end":{"line":62,"column":5}},{"start":{},"end":{}}],"line":56},"4":{"loc":{"start":{"line":56,"column":8},"end":{"line":56,"column":39}},"type":"binary-expr","locations":[{"start":{"line":56,"column":8},"end":{"line":56,"column":22}},{"start":{"line":56,"column":26},"end":{"line":56,"column":39}}],"line":56},"5":{"loc":{"start":{"line":65,"column":23},"end":{"line":67,"column":31}},"type":"cond-expr","locations":[{"start":{"line":66,"column":8},"end":{"line":66,"column":30}},{"start":{"line":67,"column":8},"end":{"line":67,"column":31}}],"line":65},"6":{"loc":{"start":{"line":79,"column":4},"end":{"line":83,"column":5}},"type":"if","locations":[{"start":{"line":79,"column":4},"end":{"line":83,"column":5}},{"start":{},"end":{}}],"line":79},"7":{"loc":{"start":{"line":92,"column":4},"end":{"line":96,"column":5}},"type":"if","locations":[{"start":{"line":92,"column":4},"end":{"line":96,"column":5}},{"start":{},"end":{}}],"line":92},"8":{"loc":{"start":{"line":104,"column":18},"end":{"line":104,"column":42}},"type":"binary-expr","locations":[{"start":{"line":104,"column":18},"end":{"line":104,"column":34}},{"start":{"line":104,"column":38},"end":{"line":104,"column":42}}],"line":104}},"s":{"0":4,"1":4,"2":10,"3":10,"4":7,"5":7,"6":1,"7":1,"8":1,"9":6,"10":1,"11":1,"12":1,"13":5,"14":5,"15":5,"16":1,"17":1,"18":1,"19":4,"20":4,"21":3,"22":0,"23":0,"24":0,"25":3,"26":3,"27":1,"28":1,"29":1,"30":2,"31":2,"32":4},"f":{"0":10,"1":7},"b":{"0":[1,6],"1":[1,5],"2":[6,1],"3":[1,4],"4":[5,2],"5":[3,1],"6":[0,3],"7":[1,2],"8":[2,0]},"_coverageSchema":"1a1c01bbd47fc00a2c39e90264f33305004495a9","hash":"b43c6ac8a5c295e03c7a9080e102fe65065b62cc"}
,"C:\\Users\\axelp\\Documents\\GitHub\\Desarrollo-de-software-2\\server\\src\\application\\use-cases\\evaluacion\\GetEvaluacionesUseCase.js": {"path":"C:\\Users\\axelp\\Documents\\GitHub\\Desarrollo-de-software-2\\server\\src\\application\\use-cases\\evaluacion\\GetEvaluacionesUseCase.js","statementMap":{"0":{"start":{"line":11,"column":4},"end":{"line":11,"column":53}},"1":{"start":{"line":20,"column":4},"end":{"line":20,"column":66}},"2":{"start":{"line":24,"column":0},"end":{"line":24,"column":40}}},"fnMap":{"0":{"name":"(anonymous_0)","decl":{"start":{"line":10,"column":2},"end":{"line":10,"column":3}},"loc":{"start":{"line":10,"column":36},"end":{"line":12,"column":3}},"line":10},"1":{"name":"(anonymous_1)","decl":{"start":{"line":19,"column":2},"end":{"line":19,"column":3}},"loc":{"start":{"line":19,"column":29},"end":{"line":21,"column":3}},"line":19}},"branchMap":{},"s":{"0":4,"1":1,"2":4},"f":{"0":4,"1":1},"b":{},"_coverageSchema":"1a1c01bbd47fc00a2c39e90264f33305004495a9","hash":"ca4a110d293e8789d879997e8aeaff528a343f9e"}
,"C:\\Users\\axelp\\Documents\\GitHub\\Desarrollo-de-software-2\\server\\src\\application\\use-cases\\solicitud\\AcceptSolicitudUseCase.js": {"path":"C:\\Users\\axelp\\Documents\\GitHub\\Desarrollo-de-software-2\\server\\src\\application\\use-cases\\solicitud\\AcceptSolicitudUseCase.js","statementMap":{"0":{"start":{"line":10,"column":20},"end":{"line":10,"column":65}},"1":{"start":{"line":13,"column":4},"end":{"line":13,"column":66}},"2":{"start":{"line":22,"column":4},"end":{"line":22,"column":51}},"3":{"start":{"line":23,"column":4},"end":{"line":23,"column":41}},"4":{"start":{"line":24,"column":4},"end":{"line":24,"column":25}},"5":{"start":{"line":36,"column":23},"end":{"line":36,"column":71}},"6":{"start":{"line":38,"column":4},"end":{"line":42,"column":5}},"7":{"start":{"line":39,"column":20},"end":{"line":39,"column":55}},"8":{"start":{"line":40,"column":6},"end":{"line":40,"column":29}},"9":{"start":{"line":41,"column":6},"end":{"line":41,"column":18}},"10":{"start":{"line":44,"column":4},"end":{"line":50,"column":5}},"11":{"start":{"line":45,"column":20},"end":{"line":47,"column":7}},"12":{"start":{"line":48,"column":6},"end":{"line":48,"column":29}},"13":{"start":{"line":49,"column":6},"end":{"line":49,"column":18}},"14":{"start":{"line":52,"column":4},"end":{"line":58,"column":5}},"15":{"start":{"line":53,"column":20},"end":{"line":55,"column":7}},"16":{"start":{"line":56,"column":6},"end":{"line":56,"column":29}},"17":{"start":{"line":57,"column":6},"end":{"line":57,"column":18}},"18":{"start":{"line":62,"column":6},"end":{"line":62,"column":74}},"19":{"start":{"line":64,"column":4},"end":{"line":70,"column":5}},"20":{"start":{"line":65,"column":20},"end":{"line":67,"column":7}},"21":{"start":{"line":68,"column":6},"end":{"line":68,"column":29}},"22":{"start":{"line":69,"column":6},"end":{"line":69,"column":18}},"23":{"start":{"line":74,"column":4},"end":{"line":165,"column":5}},"24":{"start":{"line":75,"column":35},"end":{"line":147,"column":7}},"25":{"start":{"line":78,"column":28},"end":{"line":81,"column":12}},"26":{"start":{"line":83,"column":10},"end":{"line":87,"column":11}},"27":{"start":{"line":84,"column":26},"end":{"line":84,"column":63}},"28":{"start":{"line":85,"column":12},"end":{"line":85,"column":35}},"29":{"start":{"line":86,"column":12},"end":{"line":86,"column":24}},"30":{"start":{"line":89,"column":10},"end":{"line":93,"column":11}},"31":{"start":{"line":90,"column":26},"end":{"line":90,"column":76}},"32":{"start":{"line":91,"column":12},"end":{"line":91,"column":35}},"33":{"start":{"line":92,"column":12},"end":{"line":92,"column":24}},"34":{"start":{"line":96,"column":10},"end":{"line":100,"column":11}},"35":{"start":{"line":97,"column":26},"end":{"line":97,"column":77}},"36":{"start":{"line":98,"column":12},"end":{"line":98,"column":35}},"37":{"start":{"line":99,"column":12},"end":{"line":99,"column":24}},"38":{"start":{"line":103,"column":28},"end":{"line":105,"column":12}},"39":{"start":{"line":107,"column":10},"end":{"line":113,"column":11}},"40":{"start":{"line":108,"column":26},"end":{"line":110,"column":13}},"41":{"start":{"line":111,"column":12},"end":{"line":111,"column":35}},"42":{"start":{"line":112,"column":12},"end":{"line":112,"column":24}},"43":{"start":{"line":116,"column":26},"end":{"line":143,"column":12}},"44":{"start":{"line":145,"column":10},"end":{"line":145,"column":25}},"45":{"start":{"line":150,"column":6},"end":{"line":150,"column":34}},"46":{"start":{"line":153,"column":6},"end":{"line":153,"column":40}},"47":{"start":{"line":153,"column":28},"end":{"line":153,"column":40}},"48":{"start":{"line":156,"column":6},"end":{"line":162,"column":7}},"49":{"start":{"line":157,"column":33},"end":{"line":159,"column":9}},"50":{"start":{"line":160,"column":8},"end":{"line":160,"column":42}},"51":{"start":{"line":161,"column":8},"end":{"line":161,"column":31}},"52":{"start":{"line":164,"column":6},"end":{"line":164,"column":18}},"53":{"start":{"line":169,"column":0},"end":{"line":169,"column":40}}},"fnMap":{"0":{"name":"(anonymous_0)","decl":{"start":{"line":21,"column":2},"end":{"line":21,"column":3}},"loc":{"start":{"line":21,"column":59},"end":{"line":25,"column":3}},"line":21},"1":{"name":"(anonymous_1)","decl":{"start":{"line":34,"column":2},"end":{"line":34,"column":3}},"loc":{"start":{"line":34,"column":43},"end":{"line":166,"column":3}},"line":34},"2":{"name":"(anonymous_2)","decl":{"start":{"line":76,"column":8},"end":{"line":76,"column":9}},"loc":{"start":{"line":76,"column":22},"end":{"line":146,"column":9}},"line":76}},"branchMap":{"0":{"loc":{"start":{"line":38,"column":4},"end":{"line":42,"column":5}},"type":"if","locations":[{"start":{"line":38,"column":4},"end":{"line":42,"column":5}},{"start":{},"end":{}}],"line":38},"1":{"loc":{"start":{"line":44,"column":4},"end":{"line":50,"column":5}},"type":"if","locations":[{"start":{"line":44,"column":4},"end":{"line":50,"column":5}},{"start":{},"end":{}}],"line":44},"2":{"loc":{"start":{"line":52,"column":4},"end":{"line":58,"column":5}},"type":"if","locations":[{"start":{"line":52,"column":4},"end":{"line":58,"column":5}},{"start":{},"end":{}}],"line":52},"3":{"loc":{"start":{"line":64,"column":4},"end":{"line":70,"column":5}},"type":"if","locations":[{"start":{"line":64,"column":4},"end":{"line":70,"column":5}},{"start":{},"end":{}}],"line":64},"4":{"loc":{"start":{"line":83,"column":10},"end":{"line":87,"column":11}},"type":"if","locations":[{"start":{"line":83,"column":10},"end":{"line":87,"column":11}},{"start":{},"end":{}}],"line":83},"5":{"loc":{"start":{"line":89,"column":10},"end":{"line":93,"column":11}},"type":"if","locations":[{"start":{"line":89,"column":10},"end":{"line":93,"column":11}},{"start":{},"end":{}}],"line":89},"6":{"loc":{"start":{"line":96,"column":10},"end":{"line":100,"column":11}},"type":"if","locations":[{"start":{"line":96,"column":10},"end":{"line":100,"column":11}},{"start":{},"end":{}}],"line":96},"7":{"loc":{"start":{"line":107,"column":10},"end":{"line":113,"column":11}},"type":"if","locations":[{"start":{"line":107,"column":10},"end":{"line":113,"column":11}},{"start":{},"end":{}}],"line":107},"8":{"loc":{"start":{"line":153,"column":6},"end":{"line":153,"column":40}},"type":"if","locations":[{"start":{"line":153,"column":6},"end":{"line":153,"column":40}},{"start":{},"end":{}}],"line":153},"9":{"loc":{"start":{"line":156,"column":6},"end":{"line":162,"column":7}},"type":"if","locations":[{"start":{"line":156,"column":6},"end":{"line":162,"column":7}},{"start":{},"end":{}}],"line":156}},"s":{"0":5,"1":5,"2":14,"3":14,"4":14,"5":11,"6":11,"7":1,"8":1,"9":1,"10":10,"11":2,"12":2,"13":2,"14":8,"15":2,"16":2,"17":2,"18":6,"19":6,"20":2,"21":2,"22":2,"23":4,"24":4,"25":4,"26":4,"27":1,"28":1,"29":1,"30":3,"31":1,"32":1,"33":1,"34":2,"35":0,"36":0,"37":0,"38":2,"39":2,"40":0,"41":0,"42":0,"43":2,"44":2,"45":2,"46":2,"47":2,"48":0,"49":0,"50":0,"51":0,"52":0,"53":5},"f":{"0":14,"1":11,"2":4},"b":{"0":[1,10],"1":[2,8],"2":[2,6],"3":[2,4],"4":[1,3],"5":[1,2],"6":[0,2],"7":[0,2],"8":[2,0],"9":[0,0]},"_coverageSchema":"1a1c01bbd47fc00a2c39e90264f33305004495a9","hash":"c98126ffd0af962a218e865235fbbeb4aaf444b2"}
,"C:\\Users\\axelp\\Documents\\GitHub\\Desarrollo-de-software-2\\server\\src\\application\\use-cases\\solicitud\\AutoApproveSolicitudesUseCase.js": {"path":"C:\\Users\\axelp\\Documents\\GitHub\\Desarrollo-de-software-2\\server\\src\\application\\use-cases\\solicitud\\AutoApproveSolicitudesUseCase.js","statementMap":{"0":{"start":{"line":8,"column":20},"end":{"line":8,"column":65}},"1":{"start":{"line":15,"column":4},"end":{"line":15,"column":51}},"2":{"start":{"line":26,"column":6},"end":{"line":26,"column":66}},"3":{"start":{"line":28,"column":20},"end":{"line":28,"column":21}},"4":{"start":{"line":30,"column":4},"end":{"line":35,"column":5}},"5":{"start":{"line":31,"column":6},"end":{"line":33,"column":9}},"6":{"start":{"line":34,"column":6},"end":{"line":34,"column":18}},"7":{"start":{"line":37,"column":4},"end":{"line":41,"column":6}},"8":{"start":{"line":45,"column":0},"end":{"line":45,"column":47}}},"fnMap":{"0":{"name":"(anonymous_0)","decl":{"start":{"line":14,"column":2},"end":{"line":14,"column":3}},"loc":{"start":{"line":14,"column":35},"end":{"line":16,"column":3}},"line":14},"1":{"name":"(anonymous_1)","decl":{"start":{"line":23,"column":2},"end":{"line":23,"column":3}},"loc":{"start":{"line":23,"column":18},"end":{"line":42,"column":3}},"line":23}},"branchMap":{},"s":{"0":4,"1":5,"2":2,"3":2,"4":2,"5":2,"6":2,"7":2,"8":4},"f":{"0":5,"1":2},"b":{},"_coverageSchema":"1a1c01bbd47fc00a2c39e90264f33305004495a9","hash":"8aab714d63b559fda7122216266b8c99713d29c0"}
,"C:\\Users\\axelp\\Documents\\GitHub\\Desarrollo-de-software-2\\server\\src\\application\\use-cases\\solicitud\\CancelAcceptedSolicitudUseCase.js": {"path":"C:\\Users\\axelp\\Documents\\GitHub\\Desarrollo-de-software-2\\server\\src\\application\\use-cases\\solicitud\\CancelAcceptedSolicitudUseCase.js","statementMap":{"0":{"start":{"line":9,"column":20},"end":{"line":9,"column":65}},"1":{"start":{"line":10,"column":36},"end":{"line":10,"column":76}},"2":{"start":{"line":13,"column":4},"end":{"line":13,"column":66}},"3":{"start":{"line":21,"column":4},"end":{"line":21,"column":51}},"4":{"start":{"line":22,"column":4},"end":{"line":22,"column":41}},"5":{"start":{"line":34,"column":22},"end":{"line":34,"column":74}},"6":{"start":{"line":36,"column":4},"end":{"line":40,"column":5}},"7":{"start":{"line":37,"column":20},"end":{"line":37,"column":57}},"8":{"start":{"line":38,"column":6},"end":{"line":38,"column":29}},"9":{"start":{"line":39,"column":6},"end":{"line":39,"column":18}},"10":{"start":{"line":42,"column":4},"end":{"line":48,"column":5}},"11":{"start":{"line":43,"column":20},"end":{"line":45,"column":7}},"12":{"start":{"line":46,"column":6},"end":{"line":46,"column":29}},"13":{"start":{"line":47,"column":6},"end":{"line":47,"column":18}},"14":{"start":{"line":51,"column":4},"end":{"line":57,"column":5}},"15":{"start":{"line":52,"column":20},"end":{"line":54,"column":7}},"16":{"start":{"line":55,"column":6},"end":{"line":55,"column":29}},"17":{"start":{"line":56,"column":6},"end":{"line":56,"column":18}},"18":{"start":{"line":61,"column":6},"end":{"line":64,"column":7}},"19":{"start":{"line":67,"column":4},"end":{"line":70,"column":7}},"20":{"start":{"line":73,"column":23},"end":{"line":73,"column":27}},"21":{"start":{"line":75,"column":4},"end":{"line":94,"column":5}},"22":{"start":{"line":76,"column":23},"end":{"line":76,"column":71}},"23":{"start":{"line":77,"column":19},"end":{"line":77,"column":37}},"24":{"start":{"line":78,"column":28},"end":{"line":78,"column":56}},"25":{"start":{"line":80,"column":6},"end":{"line":83,"column":9}},"26":{"start":{"line":85,"column":6},"end":{"line":93,"column":8}},"27":{"start":{"line":96,"column":4},"end":{"line":103,"column":6}},"28":{"start":{"line":107,"column":0},"end":{"line":107,"column":48}}},"fnMap":{"0":{"name":"(anonymous_0)","decl":{"start":{"line":20,"column":2},"end":{"line":20,"column":3}},"loc":{"start":{"line":20,"column":51},"end":{"line":23,"column":3}},"line":20},"1":{"name":"(anonymous_1)","decl":{"start":{"line":32,"column":2},"end":{"line":32,"column":3}},"loc":{"start":{"line":32,"column":43},"end":{"line":104,"column":3}},"line":32}},"branchMap":{"0":{"loc":{"start":{"line":36,"column":4},"end":{"line":40,"column":5}},"type":"if","locations":[{"start":{"line":36,"column":4},"end":{"line":40,"column":5}},{"start":{},"end":{}}],"line":36},"1":{"loc":{"start":{"line":42,"column":4},"end":{"line":48,"column":5}},"type":"if","locations":[{"start":{"line":42,"column":4},"end":{"line":48,"column":5}},{"start":{},"end":{}}],"line":42},"2":{"loc":{"start":{"line":51,"column":4},"end":{"line":57,"column":5}},"type":"if","locations":[{"start":{"line":51,"column":4},"end":{"line":57,"column":5}},{"start":{},"end":{}}],"line":51},"3":{"loc":{"start":{"line":75,"column":4},"end":{"line":94,"column":5}},"type":"if","locations":[{"start":{"line":75,"column":4},"end":{"line":94,"column":5}},{"start":{},"end":{}}],"line":75},"4":{"loc":{"start":{"line":90,"column":17},"end":{"line":92,"column":132}},"type":"cond-expr","locations":[{"start":{"line":91,"column":12},"end":{"line":91,"column":82}},{"start":{"line":92,"column":12},"end":{"line":92,"column":132}}],"line":90},"5":{"loc":{"start":{"line":98,"column":20},"end":{"line":102,"column":7}},"type":"binary-expr","locations":[{"start":{"line":98,"column":20},"end":{"line":98,"column":32}},{"start":{"line":98,"column":36},"end":{"line":102,"column":7}}],"line":98}},"s":{"0":4,"1":4,"2":4,"3":9,"4":9,"5":6,"6":6,"7":1,"8":1,"9":1,"10":5,"11":1,"12":1,"13":1,"14":4,"15":1,"16":1,"17":1,"18":3,"19":3,"20":3,"21":3,"22":2,"23":2,"24":2,"25":2,"26":2,"27":3,"28":4},"f":{"0":9,"1":6},"b":{"0":[1,5],"1":[1,4],"2":[1,3],"3":[2,1],"4":[1,1],"5":[3,1]},"_coverageSchema":"1a1c01bbd47fc00a2c39e90264f33305004495a9","hash":"ef6f97fb4a8b2596061de158b4bdaa03a219b75b"}
,"C:\\Users\\axelp\\Documents\\GitHub\\Desarrollo-de-software-2\\server\\src\\application\\use-cases\\solicitud\\CancelSolicitudUseCase.js": {"path":"C:\\Users\\axelp\\Documents\\GitHub\\Desarrollo-de-software-2\\server\\src\\application\\use-cases\\solicitud\\CancelSolicitudUseCase.js","statementMap":{"0":{"start":{"line":7,"column":31},"end":{"line":7,"column":76}},"1":{"start":{"line":14,"column":4},"end":{"line":14,"column":51}},"2":{"start":{"line":25,"column":26},"end":{"line":25,"column":78}},"3":{"start":{"line":27,"column":4},"end":{"line":31,"column":5}},"4":{"start":{"line":28,"column":20},"end":{"line":28,"column":57}},"5":{"start":{"line":29,"column":6},"end":{"line":29,"column":29}},"6":{"start":{"line":30,"column":6},"end":{"line":30,"column":18}},"7":{"start":{"line":33,"column":22},"end":{"line":33,"column":50}},"8":{"start":{"line":35,"column":4},"end":{"line":41,"column":5}},"9":{"start":{"line":36,"column":20},"end":{"line":38,"column":7}},"10":{"start":{"line":39,"column":6},"end":{"line":39,"column":29}},"11":{"start":{"line":40,"column":6},"end":{"line":40,"column":18}},"12":{"start":{"line":44,"column":4},"end":{"line":44,"column":47}},"13":{"start":{"line":46,"column":20},"end":{"line":49,"column":6}},"14":{"start":{"line":51,"column":4},"end":{"line":51,"column":19}},"15":{"start":{"line":55,"column":0},"end":{"line":55,"column":40}}},"fnMap":{"0":{"name":"(anonymous_0)","decl":{"start":{"line":13,"column":2},"end":{"line":13,"column":3}},"loc":{"start":{"line":13,"column":35},"end":{"line":15,"column":3}},"line":13},"1":{"name":"(anonymous_1)","decl":{"start":{"line":24,"column":2},"end":{"line":24,"column":3}},"loc":{"start":{"line":24,"column":37},"end":{"line":52,"column":3}},"line":24}},"branchMap":{"0":{"loc":{"start":{"line":27,"column":4},"end":{"line":31,"column":5}},"type":"if","locations":[{"start":{"line":27,"column":4},"end":{"line":31,"column":5}},{"start":{},"end":{}}],"line":27},"1":{"loc":{"start":{"line":35,"column":4},"end":{"line":41,"column":5}},"type":"if","locations":[{"start":{"line":35,"column":4},"end":{"line":41,"column":5}},{"start":{},"end":{}}],"line":35}},"s":{"0":4,"1":6,"2":3,"3":3,"4":1,"5":1,"6":1,"7":2,"8":2,"9":1,"10":1,"11":1,"12":1,"13":1,"14":1,"15":4},"f":{"0":6,"1":3},"b":{"0":[1,2],"1":[1,1]},"_coverageSchema":"1a1c01bbd47fc00a2c39e90264f33305004495a9","hash":"68a0f3506465f04dd263b1c54a8026790eb1ea22"}
,"C:\\Users\\axelp\\Documents\\GitHub\\Desarrollo-de-software-2\\server\\src\\application\\use-cases\\solicitud\\CompleteSolicitudUseCase.js": {"path":"C:\\Users\\axelp\\Documents\\GitHub\\Desarrollo-de-software-2\\server\\src\\application\\use-cases\\solicitud\\CompleteSolicitudUseCase.js","statementMap":{"0":{"start":{"line":7,"column":20},"end":{"line":7,"column":65}},"1":{"start":{"line":14,"column":4},"end":{"line":14,"column":51}},"2":{"start":{"line":25,"column":22},"end":{"line":25,"column":74}},"3":{"start":{"line":27,"column":4},"end":{"line":31,"column":5}},"4":{"start":{"line":28,"column":20},"end":{"line":28,"column":57}},"5":{"start":{"line":29,"column":6},"end":{"line":29,"column":29}},"6":{"start":{"line":30,"column":6},"end":{"line":30,"column":18}},"7":{"start":{"line":33,"column":4},"end":{"line":39,"column":5}},"8":{"start":{"line":34,"column":20},"end":{"line":36,"column":7}},"9":{"start":{"line":37,"column":6},"end":{"line":37,"column":29}},"10":{"start":{"line":38,"column":6},"end":{"line":38,"column":18}},"11":{"start":{"line":41,"column":4},"end":{"line":47,"column":5}},"12":{"start":{"line":42,"column":20},"end":{"line":44,"column":7}},"13":{"start":{"line":45,"column":6},"end":{"line":45,"column":29}},"14":{"start":{"line":46,"column":6},"end":{"line":46,"column":18}},"15":{"start":{"line":49,"column":20},"end":{"line":51,"column":6}},"16":{"start":{"line":53,"column":4},"end":{"line":53,"column":19}},"17":{"start":{"line":57,"column":0},"end":{"line":57,"column":42}}},"fnMap":{"0":{"name":"(anonymous_0)","decl":{"start":{"line":13,"column":2},"end":{"line":13,"column":3}},"loc":{"start":{"line":13,"column":35},"end":{"line":15,"column":3}},"line":13},"1":{"name":"(anonymous_1)","decl":{"start":{"line":24,"column":2},"end":{"line":24,"column":3}},"loc":{"start":{"line":24,"column":43},"end":{"line":54,"column":3}},"line":24}},"branchMap":{"0":{"loc":{"start":{"line":27,"column":4},"end":{"line":31,"column":5}},"type":"if","locations":[{"start":{"line":27,"column":4},"end":{"line":31,"column":5}},{"start":{},"end":{}}],"line":27},"1":{"loc":{"start":{"line":33,"column":4},"end":{"line":39,"column":5}},"type":"if","locations":[{"start":{"line":33,"column":4},"end":{"line":39,"column":5}},{"start":{},"end":{}}],"line":33},"2":{"loc":{"start":{"line":41,"column":4},"end":{"line":47,"column":5}},"type":"if","locations":[{"start":{"line":41,"column":4},"end":{"line":47,"column":5}},{"start":{},"end":{}}],"line":41}},"s":{"0":4,"1":7,"2":4,"3":4,"4":1,"5":1,"6":1,"7":3,"8":1,"9":1,"10":1,"11":2,"12":1,"13":1,"14":1,"15":1,"16":1,"17":4},"f":{"0":7,"1":4},"b":{"0":[1,3],"1":[1,2],"2":[1,1]},"_coverageSchema":"1a1c01bbd47fc00a2c39e90264f33305004495a9","hash":"060adc891f07383019b9b6e0630dea386695e95d"}
,"C:\\Users\\axelp\\Documents\\GitHub\\Desarrollo-de-software-2\\server\\src\\application\\use-cases\\solicitud\\ConfirmSolicitudUseCase.js": {"path":"C:\\Users\\axelp\\Documents\\GitHub\\Desarrollo-de-software-2\\server\\src\\application\\use-cases\\solicitud\\ConfirmSolicitudUseCase.js","statementMap":{"0":{"start":{"line":8,"column":20},"end":{"line":8,"column":65}},"1":{"start":{"line":15,"column":4},"end":{"line":15,"column":51}},"2":{"start":{"line":26,"column":22},"end":{"line":26,"column":74}},"3":{"start":{"line":28,"column":4},"end":{"line":32,"column":5}},"4":{"start":{"line":29,"column":20},"end":{"line":29,"column":57}},"5":{"start":{"line":30,"column":6},"end":{"line":30,"column":29}},"6":{"start":{"line":31,"column":6},"end":{"line":31,"column":18}},"7":{"start":{"line":34,"column":4},"end":{"line":40,"column":5}},"8":{"start":{"line":35,"column":20},"end":{"line":37,"column":7}},"9":{"start":{"line":38,"column":6},"end":{"line":38,"column":29}},"10":{"start":{"line":39,"column":6},"end":{"line":39,"column":18}},"11":{"start":{"line":42,"column":4},"end":{"line":48,"column":5}},"12":{"start":{"line":43,"column":20},"end":{"line":45,"column":7}},"13":{"start":{"line":46,"column":6},"end":{"line":46,"column":29}},"14":{"start":{"line":47,"column":6},"end":{"line":47,"column":18}},"15":{"start":{"line":50,"column":20},"end":{"line":52,"column":6}},"16":{"start":{"line":54,"column":4},"end":{"line":54,"column":19}},"17":{"start":{"line":58,"column":0},"end":{"line":58,"column":41}}},"fnMap":{"0":{"name":"(anonymous_0)","decl":{"start":{"line":14,"column":2},"end":{"line":14,"column":3}},"loc":{"start":{"line":14,"column":35},"end":{"line":16,"column":3}},"line":14},"1":{"name":"(anonymous_1)","decl":{"start":{"line":25,"column":2},"end":{"line":25,"column":3}},"loc":{"start":{"line":25,"column":44},"end":{"line":55,"column":3}},"line":25}},"branchMap":{"0":{"loc":{"start":{"line":28,"column":4},"end":{"line":32,"column":5}},"type":"if","locations":[{"start":{"line":28,"column":4},"end":{"line":32,"column":5}},{"start":{},"end":{}}],"line":28},"1":{"loc":{"start":{"line":34,"column":4},"end":{"line":40,"column":5}},"type":"if","locations":[{"start":{"line":34,"column":4},"end":{"line":40,"column":5}},{"start":{},"end":{}}],"line":34},"2":{"loc":{"start":{"line":42,"column":4},"end":{"line":48,"column":5}},"type":"if","locations":[{"start":{"line":42,"column":4},"end":{"line":48,"column":5}},{"start":{},"end":{}}],"line":42}},"s":{"0":4,"1":7,"2":4,"3":4,"4":1,"5":1,"6":1,"7":3,"8":1,"9":1,"10":1,"11":2,"12":1,"13":1,"14":1,"15":1,"16":1,"17":4},"f":{"0":7,"1":4},"b":{"0":[1,3],"1":[1,2],"2":[1,1]},"_coverageSchema":"1a1c01bbd47fc00a2c39e90264f33305004495a9","hash":"e124dc693b1200f5acc9397caca27bab2f75b250"}
,"C:\\Users\\axelp\\Documents\\GitHub\\Desarrollo-de-software-2\\server\\src\\application\\use-cases\\solicitud\\CreateSolicitudUseCase.js": {"path":"C:\\Users\\axelp\\Documents\\GitHub\\Desarrollo-de-software-2\\server\\src\\application\\use-cases\\solicitud\\CreateSolicitudUseCase.js","statementMap":{"0":{"start":{"line":10,"column":17},"end":{"line":10,"column":57}},"1":{"start":{"line":13,"column":4},"end":{"line":13,"column":66}},"2":{"start":{"line":16,"column":4},"end":{"line":16,"column":61}},"3":{"start":{"line":25,"column":4},"end":{"line":25,"column":51}},"4":{"start":{"line":26,"column":4},"end":{"line":26,"column":51}},"5":{"start":{"line":27,"column":4},"end":{"line":27,"column":41}},"6":{"start":{"line":47,"column":28},"end":{"line":47,"column":77}},"7":{"start":{"line":48,"column":4},"end":{"line":52,"column":5}},"8":{"start":{"line":49,"column":20},"end":{"line":49,"column":55}},"9":{"start":{"line":50,"column":6},"end":{"line":50,"column":29}},"10":{"start":{"line":51,"column":6},"end":{"line":51,"column":18}},"11":{"start":{"line":54,"column":24},"end":{"line":54,"column":49}},"12":{"start":{"line":56,"column":4},"end":{"line":64,"column":5}},"13":{"start":{"line":59,"column":20},"end":{"line":61,"column":7}},"14":{"start":{"line":62,"column":6},"end":{"line":62,"column":29}},"15":{"start":{"line":63,"column":6},"end":{"line":63,"column":18}},"16":{"start":{"line":66,"column":4},"end":{"line":72,"column":5}},"17":{"start":{"line":67,"column":20},"end":{"line":69,"column":7}},"18":{"start":{"line":70,"column":6},"end":{"line":70,"column":29}},"19":{"start":{"line":71,"column":6},"end":{"line":71,"column":18}},"20":{"start":{"line":75,"column":22},"end":{"line":77,"column":5}},"21":{"start":{"line":78,"column":4},"end":{"line":82,"column":5}},"22":{"start":{"line":79,"column":20},"end":{"line":79,"column":69}},"23":{"start":{"line":80,"column":6},"end":{"line":80,"column":29}},"24":{"start":{"line":81,"column":6},"end":{"line":81,"column":18}},"25":{"start":{"line":83,"column":4},"end":{"line":87,"column":5}},"26":{"start":{"line":84,"column":20},"end":{"line":84,"column":78}},"27":{"start":{"line":85,"column":6},"end":{"line":85,"column":29}},"28":{"start":{"line":86,"column":6},"end":{"line":86,"column":18}},"29":{"start":{"line":90,"column":31},"end":{"line":93,"column":6}},"30":{"start":{"line":95,"column":4},"end":{"line":99,"column":5}},"31":{"start":{"line":96,"column":20},"end":{"line":96,"column":66}},"32":{"start":{"line":97,"column":6},"end":{"line":97,"column":29}},"33":{"start":{"line":98,"column":6},"end":{"line":98,"column":18}},"34":{"start":{"line":102,"column":29},"end":{"line":102,"column":78}},"35":{"start":{"line":103,"column":4},"end":{"line":107,"column":5}},"36":{"start":{"line":104,"column":20},"end":{"line":104,"column":53}},"37":{"start":{"line":105,"column":6},"end":{"line":105,"column":29}},"38":{"start":{"line":106,"column":6},"end":{"line":106,"column":18}},"39":{"start":{"line":110,"column":26},"end":{"line":125,"column":5}},"40":{"start":{"line":127,"column":22},"end":{"line":127,"column":74}},"41":{"start":{"line":128,"column":4},"end":{"line":128,"column":21}},"42":{"start":{"line":132,"column":0},"end":{"line":132,"column":40}}},"fnMap":{"0":{"name":"(anonymous_0)","decl":{"start":{"line":24,"column":2},"end":{"line":24,"column":3}},"loc":{"start":{"line":24,"column":72},"end":{"line":28,"column":3}},"line":24},"1":{"name":"(anonymous_1)","decl":{"start":{"line":45,"column":2},"end":{"line":45,"column":3}},"loc":{"start":{"line":45,"column":38},"end":{"line":129,"column":3}},"line":45}},"branchMap":{"0":{"loc":{"start":{"line":48,"column":4},"end":{"line":52,"column":5}},"type":"if","locations":[{"start":{"line":48,"column":4},"end":{"line":52,"column":5}},{"start":{},"end":{}}],"line":48},"1":{"loc":{"start":{"line":56,"column":4},"end":{"line":64,"column":5}},"type":"if","locations":[{"start":{"line":56,"column":4},"end":{"line":64,"column":5}},{"start":{},"end":{}}],"line":56},"2":{"loc":{"start":{"line":66,"column":4},"end":{"line":72,"column":5}},"type":"if","locations":[{"start":{"line":66,"column":4},"end":{"line":72,"column":5}},{"start":{},"end":{}}],"line":66},"3":{"loc":{"start":{"line":78,"column":4},"end":{"line":82,"column":5}},"type":"if","locations":[{"start":{"line":78,"column":4},"end":{"line":82,"column":5}},{"start":{},"end":{}}],"line":78},"4":{"loc":{"start":{"line":83,"column":4},"end":{"line":87,"column":5}},"type":"if","locations":[{"start":{"line":83,"column":4},"end":{"line":87,"column":5}},{"start":{},"end":{}}],"line":83},"5":{"loc":{"start":{"line":95,"column":4},"end":{"line":99,"column":5}},"type":"if","locations":[{"start":{"line":95,"column":4},"end":{"line":99,"column":5}},{"start":{},"end":{}}],"line":95},"6":{"loc":{"start":{"line":103,"column":4},"end":{"line":107,"column":5}},"type":"if","locations":[{"start":{"line":103,"column":4},"end":{"line":107,"column":5}},{"start":{},"end":{}}],"line":103},"7":{"loc":{"start":{"line":119,"column":26},"end":{"line":121,"column":14}},"type":"cond-expr","locations":[{"start":{"line":120,"column":10},"end":{"line":120,"column":41}},{"start":{"line":121,"column":10},"end":{"line":121,"column":14}}],"line":119},"8":{"loc":{"start":{"line":122,"column":28},"end":{"line":124,"column":14}},"type":"cond-expr","locations":[{"start":{"line":123,"column":10},"end":{"line":123,"column":43}},{"start":{"line":124,"column":10},"end":{"line":124,"column":14}}],"line":122}},"s":{"0":5,"1":5,"2":5,"3":18,"4":18,"5":18,"6":15,"7":15,"8":2,"9":2,"10":2,"11":13,"12":13,"13":2,"14":2,"15":2,"16":11,"17":2,"18":2,"19":2,"20":9,"21":9,"22":2,"23":2,"24":2,"25":7,"26":1,"27":1,"28":1,"29":6,"30":6,"31":3,"32":3,"33":3,"34":3,"35":3,"36":1,"37":1,"38":1,"39":2,"40":2,"41":2,"42":5},"f":{"0":18,"1":15},"b":{"0":[2,13],"1":[2,11],"2":[2,9],"3":[2,7],"4":[1,6],"5":[3,3],"6":[1,2],"7":[0,2],"8":[0,2]},"_coverageSchema":"1a1c01bbd47fc00a2c39e90264f33305004495a9","hash":"7917c63082db2399695ea251e849d6b27fbfa383"}
,"C:\\Users\\axelp\\Documents\\GitHub\\Desarrollo-de-software-2\\server\\src\\application\\use-cases\\solicitud\\GetMisSolicitudesUseCase.js": {"path":"C:\\Users\\axelp\\Documents\\GitHub\\Desarrollo-de-software-2\\server\\src\\application\\use-cases\\solicitud\\GetMisSolicitudesUseCase.js","statementMap":{"0":{"start":{"line":11,"column":4},"end":{"line":11,"column":51}},"1":{"start":{"line":23,"column":4},"end":{"line":25,"column":5}},"2":{"start":{"line":24,"column":6},"end":{"line":24,"column":64}},"3":{"start":{"line":27,"column":4},"end":{"line":29,"column":5}},"4":{"start":{"line":28,"column":6},"end":{"line":28,"column":63}},"5":{"start":{"line":31,"column":18},"end":{"line":31,"column":64}},"6":{"start":{"line":32,"column":4},"end":{"line":32,"column":27}},"7":{"start":{"line":33,"column":4},"end":{"line":33,"column":16}},"8":{"start":{"line":37,"column":0},"end":{"line":37,"column":42}}},"fnMap":{"0":{"name":"(anonymous_0)","decl":{"start":{"line":10,"column":2},"end":{"line":10,"column":3}},"loc":{"start":{"line":10,"column":35},"end":{"line":12,"column":3}},"line":10},"1":{"name":"(anonymous_1)","decl":{"start":{"line":22,"column":2},"end":{"line":22,"column":3}},"loc":{"start":{"line":22,"column":33},"end":{"line":34,"column":3}},"line":22}},"branchMap":{"0":{"loc":{"start":{"line":23,"column":4},"end":{"line":25,"column":5}},"type":"if","locations":[{"start":{"line":23,"column":4},"end":{"line":25,"column":5}},{"start":{},"end":{}}],"line":23},"1":{"loc":{"start":{"line":27,"column":4},"end":{"line":29,"column":5}},"type":"if","locations":[{"start":{"line":27,"column":4},"end":{"line":29,"column":5}},{"start":{},"end":{}}],"line":27}},"s":{"0":6,"1":3,"2":1,"3":2,"4":1,"5":1,"6":1,"7":1,"8":4},"f":{"0":6,"1":3},"b":{"0":[1,2],"1":[1,1]},"_coverageSchema":"1a1c01bbd47fc00a2c39e90264f33305004495a9","hash":"93e38c3436134e99deb2aa0718daca92c15f1bd4"}
,"C:\\Users\\axelp\\Documents\\GitHub\\Desarrollo-de-software-2\\server\\src\\application\\use-cases\\solicitud\\GetSolicitudDetailUseCase.js": {"path":"C:\\Users\\axelp\\Documents\\GitHub\\Desarrollo-de-software-2\\server\\src\\application\\use-cases\\solicitud\\GetSolicitudDetailUseCase.js","statementMap":{"0":{"start":{"line":13,"column":4},"end":{"line":13,"column":51}},"1":{"start":{"line":24,"column":22},"end":{"line":24,"column":74}},"2":{"start":{"line":26,"column":4},"end":{"line":30,"column":5}},"3":{"start":{"line":27,"column":20},"end":{"line":27,"column":57}},"4":{"start":{"line":28,"column":6},"end":{"line":28,"column":29}},"5":{"start":{"line":29,"column":6},"end":{"line":29,"column":18}},"6":{"start":{"line":33,"column":26},"end":{"line":33,"column":71}},"7":{"start":{"line":34,"column":33},"end":{"line":34,"column":77}},"8":{"start":{"line":35,"column":20},"end":{"line":35,"column":50}},"9":{"start":{"line":38,"column":30},"end":{"line":38,"column":78}},"10":{"start":{"line":40,"column":19},"end":{"line":40,"column":35}},"11":{"start":{"line":42,"column":4},"end":{"line":48,"column":5}},"12":{"start":{"line":43,"column":6},"end":{"line":43,"column":68}},"13":{"start":{"line":44,"column":6},"end":{"line":47,"column":7}},"14":{"start":{"line":45,"column":8},"end":{"line":46,"column":53}},"15":{"start":{"line":51,"column":4},"end":{"line":58,"column":5}},"16":{"start":{"line":56,"column":10},"end":{"line":56,"column":28}},"17":{"start":{"line":57,"column":6},"end":{"line":57,"column":46}},"18":{"start":{"line":60,"column":4},"end":{"line":60,"column":18}},"19":{"start":{"line":64,"column":0},"end":{"line":64,"column":43}}},"fnMap":{"0":{"name":"(anonymous_0)","decl":{"start":{"line":12,"column":2},"end":{"line":12,"column":3}},"loc":{"start":{"line":12,"column":35},"end":{"line":14,"column":3}},"line":12},"1":{"name":"(anonymous_1)","decl":{"start":{"line":23,"column":2},"end":{"line":23,"column":3}},"loc":{"start":{"line":23,"column":45},"end":{"line":61,"column":3}},"line":23}},"branchMap":{"0":{"loc":{"start":{"line":26,"column":4},"end":{"line":30,"column":5}},"type":"if","locations":[{"start":{"line":26,"column":4},"end":{"line":30,"column":5}},{"start":{},"end":{}}],"line":26},"1":{"loc":{"start":{"line":38,"column":30},"end":{"line":38,"column":78}},"type":"binary-expr","locations":[{"start":{"line":38,"column":30},"end":{"line":38,"column":43}},{"start":{"line":38,"column":47},"end":{"line":38,"column":67}},{"start":{"line":38,"column":71},"end":{"line":38,"column":78}}],"line":38},"2":{"loc":{"start":{"line":42,"column":4},"end":{"line":48,"column":5}},"type":"if","locations":[{"start":{"line":42,"column":4},"end":{"line":48,"column":5}},{"start":{},"end":{}}],"line":42},"3":{"loc":{"start":{"line":44,"column":6},"end":{"line":47,"column":7}},"type":"if","locations":[{"start":{"line":44,"column":6},"end":{"line":47,"column":7}},{"start":{},"end":{}}],"line":44},"4":{"loc":{"start":{"line":51,"column":4},"end":{"line":58,"column":5}},"type":"if","locations":[{"start":{"line":51,"column":4},"end":{"line":58,"column":5}},{"start":{},"end":{}}],"line":51},"5":{"loc":{"start":{"line":51,"column":8},"end":{"line":51,"column":48}},"type":"binary-expr","locations":[{"start":{"line":51,"column":8},"end":{"line":51,"column":26}},{"start":{"line":51,"column":30},"end":{"line":51,"column":48}}],"line":51}},"s":{"0":7,"1":4,"2":4,"3":1,"4":1,"5":1,"6":3,"7":3,"8":3,"9":3,"10":3,"11":3,"12":1,"13":1,"14":0,"15":3,"16":1,"17":1,"18":3,"19":4},"f":{"0":7,"1":4},"b":{"0":[1,3],"1":[3,2,1],"2":[1,2],"3":[0,1],"4":[1,2],"5":[3,3]},"_coverageSchema":"1a1c01bbd47fc00a2c39e90264f33305004495a9","hash":"6e8e3776eb6e76399b48b256726092dc642ad454"}
,"C:\\Users\\axelp\\Documents\\GitHub\\Desarrollo-de-software-2\\server\\src\\application\\use-cases\\solicitud\\GetSolicitudesUseCase.js": {"path":"C:\\Users\\axelp\\Documents\\GitHub\\Desarrollo-de-software-2\\server\\src\\application\\use-cases\\solicitud\\GetSolicitudesUseCase.js","statementMap":{"0":{"start":{"line":13,"column":4},"end":{"line":13,"column":51}},"1":{"start":{"line":24,"column":19},"end":{"line":24,"column":66}},"2":{"start":{"line":27,"column":4},"end":{"line":45,"column":7}},"3":{"start":{"line":28,"column":24},"end":{"line":28,"column":40}},"4":{"start":{"line":31,"column":6},"end":{"line":31,"column":33}},"5":{"start":{"line":32,"column":6},"end":{"line":32,"column":44}},"6":{"start":{"line":35,"column":6},"end":{"line":42,"column":7}},"7":{"start":{"line":40,"column":12},"end":{"line":40,"column":33}},"8":{"start":{"line":41,"column":8},"end":{"line":41,"column":51}},"9":{"start":{"line":44,"column":6},"end":{"line":44,"column":23}},"10":{"start":{"line":47,"column":4},"end":{"line":47,"column":18}},"11":{"start":{"line":51,"column":0},"end":{"line":51,"column":39}}},"fnMap":{"0":{"name":"(anonymous_0)","decl":{"start":{"line":12,"column":2},"end":{"line":12,"column":3}},"loc":{"start":{"line":12,"column":35},"end":{"line":14,"column":3}},"line":12},"1":{"name":"(anonymous_1)","decl":{"start":{"line":23,"column":2},"end":{"line":23,"column":3}},"loc":{"start":{"line":23,"column":42},"end":{"line":48,"column":3}},"line":23},"2":{"name":"(anonymous_2)","decl":{"start":{"line":27,"column":34},"end":{"line":27,"column":35}},"loc":{"start":{"line":27,"column":49},"end":{"line":45,"column":5}},"line":27}},"branchMap":{"0":{"loc":{"start":{"line":35,"column":6},"end":{"line":42,"column":7}},"type":"if","locations":[{"start":{"line":35,"column":6},"end":{"line":42,"column":7}},{"start":{},"end":{}}],"line":35}},"s":{"0":4,"1":1,"2":1,"3":1,"4":1,"5":1,"6":1,"7":1,"8":1,"9":1,"10":1,"11":4},"f":{"0":4,"1":1,"2":1},"b":{"0":[1,0]},"_coverageSchema":"1a1c01bbd47fc00a2c39e90264f33305004495a9","hash":"88653886f70fd2e8ce4b71e9dcb093fd3cc3e37a"}
,"C:\\Users\\axelp\\Documents\\GitHub\\Desarrollo-de-software-2\\server\\src\\application\\use-cases\\solicitud\\UpdateSolicitudUseCase.js": {"path":"C:\\Users\\axelp\\Documents\\GitHub\\Desarrollo-de-software-2\\server\\src\\application\\use-cases\\solicitud\\UpdateSolicitudUseCase.js","statementMap":{"0":{"start":{"line":7,"column":22},"end":{"line":7,"column":67}},"1":{"start":{"line":10,"column":4},"end":{"line":10,"column":66}},"2":{"start":{"line":18,"column":4},"end":{"line":18,"column":51}},"3":{"start":{"line":19,"column":4},"end":{"line":19,"column":51}},"4":{"start":{"line":31,"column":26},"end":{"line":31,"column":78}},"5":{"start":{"line":33,"column":4},"end":{"line":37,"column":5}},"6":{"start":{"line":34,"column":20},"end":{"line":34,"column":57}},"7":{"start":{"line":35,"column":6},"end":{"line":35,"column":29}},"8":{"start":{"line":36,"column":6},"end":{"line":36,"column":18}},"9":{"start":{"line":40,"column":22},"end":{"line":40,"column":50}},"10":{"start":{"line":42,"column":4},"end":{"line":48,"column":5}},"11":{"start":{"line":43,"column":20},"end":{"line":45,"column":7}},"12":{"start":{"line":46,"column":6},"end":{"line":46,"column":29}},"13":{"start":{"line":47,"column":6},"end":{"line":47,"column":18}},"14":{"start":{"line":51,"column":4},"end":{"line":60,"column":5}},"15":{"start":{"line":52,"column":24},"end":{"line":54,"column":7}},"16":{"start":{"line":55,"column":6},"end":{"line":59,"column":7}},"17":{"start":{"line":56,"column":22},"end":{"line":56,"column":74}},"18":{"start":{"line":57,"column":8},"end":{"line":57,"column":31}},"19":{"start":{"line":58,"column":8},"end":{"line":58,"column":20}},"20":{"start":{"line":63,"column":4},"end":{"line":79,"column":5}},"21":{"start":{"line":64,"column":27},"end":{"line":66,"column":39}},"22":{"start":{"line":67,"column":26},"end":{"line":67,"column":78}},"23":{"start":{"line":69,"column":25},"end":{"line":72,"column":8}},"24":{"start":{"line":74,"column":6},"end":{"line":78,"column":7}},"25":{"start":{"line":75,"column":22},"end":{"line":75,"column":60}},"26":{"start":{"line":76,"column":8},"end":{"line":76,"column":31}},"27":{"start":{"line":77,"column":8},"end":{"line":77,"column":20}},"28":{"start":{"line":82,"column":23},"end":{"line":82,"column":51}},"29":{"start":{"line":84,"column":20},"end":{"line":87,"column":5}},"30":{"start":{"line":88,"column":4},"end":{"line":88,"column":19}},"31":{"start":{"line":92,"column":17},"end":{"line":92,"column":19}},"32":{"start":{"line":93,"column":4},"end":{"line":93,"column":56}},"33":{"start":{"line":93,"column":22},"end":{"line":93,"column":56}},"34":{"start":{"line":94,"column":4},"end":{"line":94,"column":71}},"35":{"start":{"line":94,"column":27},"end":{"line":94,"column":71}},"36":{"start":{"line":95,"column":4},"end":{"line":95,"column":64}},"37":{"start":{"line":95,"column":27},"end":{"line":95,"column":64}},"38":{"start":{"line":96,"column":4},"end":{"line":97,"column":61}},"39":{"start":{"line":97,"column":6},"end":{"line":97,"column":61}},"40":{"start":{"line":98,"column":4},"end":{"line":98,"column":73}},"41":{"start":{"line":98,"column":30},"end":{"line":98,"column":73}},"42":{"start":{"line":99,"column":4},"end":{"line":99,"column":65}},"43":{"start":{"line":99,"column":25},"end":{"line":99,"column":65}},"44":{"start":{"line":100,"column":4},"end":{"line":100,"column":56}},"45":{"start":{"line":100,"column":22},"end":{"line":100,"column":56}},"46":{"start":{"line":101,"column":4},"end":{"line":101,"column":16}},"47":{"start":{"line":105,"column":0},"end":{"line":105,"column":40}}},"fnMap":{"0":{"name":"(anonymous_0)","decl":{"start":{"line":17,"column":2},"end":{"line":17,"column":3}},"loc":{"start":{"line":17,"column":56},"end":{"line":20,"column":3}},"line":17},"1":{"name":"(anonymous_1)","decl":{"start":{"line":30,"column":2},"end":{"line":30,"column":3}},"loc":{"start":{"line":30,"column":44},"end":{"line":89,"column":3}},"line":30},"2":{"name":"(anonymous_2)","decl":{"start":{"line":91,"column":2},"end":{"line":91,"column":3}},"loc":{"start":{"line":91,"column":26},"end":{"line":102,"column":3}},"line":91}},"branchMap":{"0":{"loc":{"start":{"line":33,"column":4},"end":{"line":37,"column":5}},"type":"if","locations":[{"start":{"line":33,"column":4},"end":{"line":37,"column":5}},{"start":{},"end":{}}],"line":33},"1":{"loc":{"start":{"line":42,"column":4},"end":{"line":48,"column":5}},"type":"if","locations":[{"start":{"line":42,"column":4},"end":{"line":48,"column":5}},{"start":{},"end":{}}],"line":42},"2":{"loc":{"start":{"line":51,"column":4},"end":{"line":60,"column":5}},"type":"if","locations":[{"start":{"line":51,"column":4},"end":{"line":60,"column":5}},{"start":{},"end":{}}],"line":51},"3":{"loc":{"start":{"line":55,"column":6},"end":{"line":59,"column":7}},"type":"if","locations":[{"start":{"line":55,"column":6},"end":{"line":59,"column":7}},{"start":{},"end":{}}],"line":55},"4":{"loc":{"start":{"line":55,"column":10},"end":{"line":55,"column":41}},"type":"binary-expr","locations":[{"start":{"line":55,"column":10},"end":{"line":55,"column":20}},{"start":{"line":55,"column":24},"end":{"line":55,"column":41}}],"line":55},"5":{"loc":{"start":{"line":63,"column":4},"end":{"line":79,"column":5}},"type":"if","locations":[{"start":{"line":63,"column":4},"end":{"line":79,"column":5}},{"start":{},"end":{}}],"line":63},"6":{"loc":{"start":{"line":63,"column":8},"end":{"line":63,"column":53}},"type":"binary-expr","locations":[{"start":{"line":63,"column":8},"end":{"line":63,"column":29}},{"start":{"line":63,"column":33},"end":{"line":63,"column":53}}],"line":63},"7":{"loc":{"start":{"line":64,"column":27},"end":{"line":66,"column":39}},"type":"cond-expr","locations":[{"start":{"line":65,"column":10},"end":{"line":65,"column":41}},{"start":{"line":66,"column":10},"end":{"line":66,"column":39}}],"line":64},"8":{"loc":{"start":{"line":67,"column":26},"end":{"line":67,"column":78}},"type":"binary-expr","locations":[{"start":{"line":67,"column":26},"end":{"line":67,"column":46}},{"start":{"line":67,"column":50},"end":{"line":67,"column":78}}],"line":67},"9":{"loc":{"start":{"line":74,"column":6},"end":{"line":78,"column":7}},"type":"if","locations":[{"start":{"line":74,"column":6},"end":{"line":78,"column":7}},{"start":{},"end":{}}],"line":74},"10":{"loc":{"start":{"line":93,"column":4},"end":{"line":93,"column":56}},"type":"if","locations":[{"start":{"line":93,"column":4},"end":{"line":93,"column":56}},{"start":{},"end":{}}],"line":93},"11":{"loc":{"start":{"line":94,"column":4},"end":{"line":94,"column":71}},"type":"if","locations":[{"start":{"line":94,"column":4},"end":{"line":94,"column":71}},{"start":{},"end":{}}],"line":94},"12":{"loc":{"start":{"line":95,"column":4},"end":{"line":95,"column":64}},"type":"if","locations":[{"start":{"line":95,"column":4},"end":{"line":95,"column":64}},{"start":{},"end":{}}],"line":95},"13":{"loc":{"start":{"line":96,"column":4},"end":{"line":97,"column":61}},"type":"if","locations":[{"start":{"line":96,"column":4},"end":{"line":97,"column":61}},{"start":{},"end":{}}],"line":96},"14":{"loc":{"start":{"line":98,"column":4},"end":{"line":98,"column":73}},"type":"if","locations":[{"start":{"line":98,"column":4},"end":{"line":98,"column":73}},{"start":{},"end":{}}],"line":98},"15":{"loc":{"start":{"line":99,"column":4},"end":{"line":99,"column":65}},"type":"if","locations":[{"start":{"line":99,"column":4},"end":{"line":99,"column":65}},{"start":{},"end":{}}],"line":99},"16":{"loc":{"start":{"line":100,"column":4},"end":{"line":100,"column":56}},"type":"if","locations":[{"start":{"line":100,"column":4},"end":{"line":100,"column":56}},{"start":{},"end":{}}],"line":100}},"s":{"0":4,"1":4,"2":8,"3":8,"4":5,"5":5,"6":1,"7":1,"8":1,"9":4,"10":4,"11":1,"12":1,"13":1,"14":3,"15":1,"16":1,"17":1,"18":1,"19":1,"20":2,"21":1,"22":1,"23":1,"24":1,"25":1,"26":1,"27":1,"28":1,"29":1,"30":1,"31":1,"32":1,"33":1,"34":1,"35":0,"36":1,"37":0,"38":1,"39":0,"40":1,"41":0,"42":1,"43":0,"44":1,"45":0,"46":1,"47":4},"f":{"0":8,"1":5,"2":1},"b":{"0":[1,4],"1":[1,3],"2":[1,2],"3":[1,0],"4":[1,0],"5":[1,1],"6":[2,1],"7":[1,0],"8":[1,1],"9":[1,0],"10":[1,0],"11":[0,1],"12":[0,1],"13":[0,1],"14":[0,1],"15":[0,1],"16":[0,1]},"_coverageSchema":"1a1c01bbd47fc00a2c39e90264f33305004495a9","hash":"aac6e4bdf0482b5da9e2268cfb8f66069f804d4d"}
,"C:\\Users\\axelp\\Documents\\GitHub\\Desarrollo-de-software-2\\server\\src\\application\\use-cases\\user\\GetUserProfileUseCase.js": {"path":"C:\\Users\\axelp\\Documents\\GitHub\\Desarrollo-de-software-2\\server\\src\\application\\use-cases\\user\\GetUserProfileUseCase.js","statementMap":{"0":{"start":{"line":11,"column":4},"end":{"line":11,"column":41}},"1":{"start":{"line":21,"column":17},"end":{"line":21,"column":59}},"2":{"start":{"line":23,"column":4},"end":{"line":27,"column":5}},"3":{"start":{"line":24,"column":20},"end":{"line":24,"column":55}},"4":{"start":{"line":25,"column":6},"end":{"line":25,"column":29}},"5":{"start":{"line":26,"column":6},"end":{"line":26,"column":18}},"6":{"start":{"line":29,"column":56},"end":{"line":29,"column":60}},"7":{"start":{"line":30,"column":4},"end":{"line":30,"column":31}},"8":{"start":{"line":34,"column":0},"end":{"line":34,"column":39}}},"fnMap":{"0":{"name":"(anonymous_0)","decl":{"start":{"line":10,"column":2},"end":{"line":10,"column":3}},"loc":{"start":{"line":10,"column":30},"end":{"line":12,"column":3}},"line":10},"1":{"name":"(anonymous_1)","decl":{"start":{"line":20,"column":2},"end":{"line":20,"column":3}},"loc":{"start":{"line":20,"column":24},"end":{"line":31,"column":3}},"line":20}},"branchMap":{"0":{"loc":{"start":{"line":23,"column":4},"end":{"line":27,"column":5}},"type":"if","locations":[{"start":{"line":23,"column":4},"end":{"line":27,"column":5}},{"start":{},"end":{}}],"line":23}},"s":{"0":5,"1":4,"2":4,"3":2,"4":2,"5":2,"6":2,"7":2,"8":4},"f":{"0":5,"1":4},"b":{"0":[2,2]},"_coverageSchema":"1a1c01bbd47fc00a2c39e90264f33305004495a9","hash":"92623cd106f0ba08219f80b58f7b531fc928100f"}
,"C:\\Users\\axelp\\Documents\\GitHub\\Desarrollo-de-software-2\\server\\src\\application\\use-cases\\user\\LoginUserUseCase.js": {"path":"C:\\Users\\axelp\\Documents\\GitHub\\Desarrollo-de-software-2\\server\\src\\application\\use-cases\\user\\LoginUserUseCase.js","statementMap":{"0":{"start":{"line":15,"column":4},"end":{"line":15,"column":41}},"1":{"start":{"line":16,"column":4},"end":{"line":16,"column":57}},"2":{"start":{"line":17,"column":4},"end":{"line":17,"column":35}},"3":{"start":{"line":18,"column":4},"end":{"line":18,"column":33}},"4":{"start":{"line":31,"column":17},"end":{"line":33,"column":5}},"5":{"start":{"line":35,"column":4},"end":{"line":39,"column":5}},"6":{"start":{"line":36,"column":20},"end":{"line":36,"column":56}},"7":{"start":{"line":37,"column":6},"end":{"line":37,"column":29}},"8":{"start":{"line":38,"column":6},"end":{"line":38,"column":18}},"9":{"start":{"line":42,"column":26},"end":{"line":45,"column":5}},"10":{"start":{"line":47,"column":4},"end":{"line":51,"column":5}},"11":{"start":{"line":48,"column":20},"end":{"line":48,"column":56}},"12":{"start":{"line":49,"column":6},"end":{"line":49,"column":29}},"13":{"start":{"line":50,"column":6},"end":{"line":50,"column":18}},"14":{"start":{"line":54,"column":4},"end":{"line":60,"column":5}},"15":{"start":{"line":55,"column":20},"end":{"line":57,"column":7}},"16":{"start":{"line":58,"column":6},"end":{"line":58,"column":29}},"17":{"start":{"line":59,"column":6},"end":{"line":59,"column":18}},"18":{"start":{"line":63,"column":20},"end":{"line":67,"column":5}},"19":{"start":{"line":68,"column":24},"end":{"line":68,"column":68}},"20":{"start":{"line":69,"column":25},"end":{"line":69,"column":70}},"21":{"start":{"line":72,"column":22},"end":{"line":72,"column":61}},"22":{"start":{"line":73,"column":22},"end":{"line":73,"column":64}},"23":{"start":{"line":75,"column":4},"end":{"line":79,"column":7}},"24":{"start":{"line":82,"column":56},"end":{"line":82,"column":60}},"25":{"start":{"line":84,"column":4},"end":{"line":88,"column":6}},"26":{"start":{"line":92,"column":0},"end":{"line":92,"column":34}}},"fnMap":{"0":{"name":"(anonymous_0)","decl":{"start":{"line":14,"column":2},"end":{"line":14,"column":3}},"loc":{"start":{"line":14,"column":79},"end":{"line":19,"column":3}},"line":14},"1":{"name":"(anonymous_1)","decl":{"start":{"line":29,"column":2},"end":{"line":29,"column":3}},"loc":{"start":{"line":29,"column":23},"end":{"line":89,"column":3}},"line":29}},"branchMap":{"0":{"loc":{"start":{"line":35,"column":4},"end":{"line":39,"column":5}},"type":"if","locations":[{"start":{"line":35,"column":4},"end":{"line":39,"column":5}},{"start":{},"end":{}}],"line":35},"1":{"loc":{"start":{"line":47,"column":4},"end":{"line":51,"column":5}},"type":"if","locations":[{"start":{"line":47,"column":4},"end":{"line":51,"column":5}},{"start":{},"end":{}}],"line":47},"2":{"loc":{"start":{"line":54,"column":4},"end":{"line":60,"column":5}},"type":"if","locations":[{"start":{"line":54,"column":4},"end":{"line":60,"column":5}},{"start":{},"end":{}}],"line":54}},"s":{"0":13,"1":13,"2":13,"3":13,"4":15,"5":15,"6":2,"7":2,"8":2,"9":13,"10":13,"11":2,"12":2,"13":2,"14":11,"15":2,"16":2,"17":2,"18":9,"19":9,"20":9,"21":9,"22":9,"23":9,"24":9,"25":9,"26":5},"f":{"0":13,"1":15},"b":{"0":[2,13],"1":[2,11],"2":[2,9]},"_coverageSchema":"1a1c01bbd47fc00a2c39e90264f33305004495a9","hash":"ae373e3eb77f4e3a966cb956ca84313f65771202"}
,"C:\\Users\\axelp\\Documents\\GitHub\\Desarrollo-de-software-2\\server\\src\\application\\use-cases\\user\\LogoutAllUsersUseCase.js": {"path":"C:\\Users\\axelp\\Documents\\GitHub\\Desarrollo-de-software-2\\server\\src\\application\\use-cases\\user\\LogoutAllUsersUseCase.js","statementMap":{"0":{"start":{"line":12,"column":4},"end":{"line":12,"column":57}},"1":{"start":{"line":21,"column":4},"end":{"line":21,"column":64}},"2":{"start":{"line":22,"column":4},"end":{"line":25,"column":6}},"3":{"start":{"line":29,"column":0},"end":{"line":29,"column":39}}},"fnMap":{"0":{"name":"(anonymous_0)","decl":{"start":{"line":11,"column":2},"end":{"line":11,"column":3}},"loc":{"start":{"line":11,"column":38},"end":{"line":13,"column":3}},"line":11},"1":{"name":"(anonymous_1)","decl":{"start":{"line":20,"column":2},"end":{"line":20,"column":3}},"loc":{"start":{"line":20,"column":24},"end":{"line":26,"column":3}},"line":20}},"branchMap":{},"s":{"0":4,"1":1,"2":1,"3":4},"f":{"0":4,"1":1},"b":{},"_coverageSchema":"1a1c01bbd47fc00a2c39e90264f33305004495a9","hash":"d607d65ba535eb74386578790a8736376c652e8a"}
,"C:\\Users\\axelp\\Documents\\GitHub\\Desarrollo-de-software-2\\server\\src\\application\\use-cases\\user\\LogoutUserUseCase.js": {"path":"C:\\Users\\axelp\\Documents\\GitHub\\Desarrollo-de-software-2\\server\\src\\application\\use-cases\\user\\LogoutUserUseCase.js","statementMap":{"0":{"start":{"line":13,"column":4},"end":{"line":13,"column":57}},"1":{"start":{"line":14,"column":4},"end":{"line":14,"column":33}},"2":{"start":{"line":24,"column":22},"end":{"line":24,"column":27}},"3":{"start":{"line":25,"column":4},"end":{"line":29,"column":5}},"4":{"start":{"line":26,"column":20},"end":{"line":26,"column":64}},"5":{"start":{"line":27,"column":6},"end":{"line":27,"column":29}},"6":{"start":{"line":28,"column":6},"end":{"line":28,"column":18}},"7":{"start":{"line":31,"column":22},"end":{"line":31,"column":54}},"8":{"start":{"line":33,"column":4},"end":{"line":37,"column":5}},"9":{"start":{"line":34,"column":6},"end":{"line":34,"column":58}},"10":{"start":{"line":39,"column":4},"end":{"line":42,"column":6}},"11":{"start":{"line":46,"column":0},"end":{"line":46,"column":35}}},"fnMap":{"0":{"name":"(anonymous_0)","decl":{"start":{"line":12,"column":2},"end":{"line":12,"column":3}},"loc":{"start":{"line":12,"column":50},"end":{"line":15,"column":3}},"line":12},"1":{"name":"(anonymous_1)","decl":{"start":{"line":23,"column":2},"end":{"line":23,"column":3}},"loc":{"start":{"line":23,"column":23},"end":{"line":43,"column":3}},"line":23}},"branchMap":{"0":{"loc":{"start":{"line":25,"column":4},"end":{"line":29,"column":5}},"type":"if","locations":[{"start":{"line":25,"column":4},"end":{"line":29,"column":5}},{"start":{},"end":{}}],"line":25}},"s":{"0":6,"1":6,"2":3,"3":3,"4":1,"5":1,"6":1,"7":2,"8":2,"9":2,"10":2,"11":4},"f":{"0":6,"1":3},"b":{"0":[1,2]},"_coverageSchema":"1a1c01bbd47fc00a2c39e90264f33305004495a9","hash":"c4590533e39022430ea28ff5432ddf15573a0b9b"}
,"C:\\Users\\axelp\\Documents\\GitHub\\Desarrollo-de-software-2\\server\\src\\application\\use-cases\\user\\RefreshTokenUseCase.js": {"path":"C:\\Users\\axelp\\Documents\\GitHub\\Desarrollo-de-software-2\\server\\src\\application\\use-cases\\user\\RefreshTokenUseCase.js","statementMap":{"0":{"start":{"line":14,"column":4},"end":{"line":14,"column":57}},"1":{"start":{"line":15,"column":4},"end":{"line":15,"column":41}},"2":{"start":{"line":16,"column":4},"end":{"line":16,"column":33}},"3":{"start":{"line":26,"column":22},"end":{"line":26,"column":27}},"4":{"start":{"line":27,"column":4},"end":{"line":31,"column":5}},"5":{"start":{"line":28,"column":20},"end":{"line":28,"column":64}},"6":{"start":{"line":29,"column":6},"end":{"line":29,"column":29}},"7":{"start":{"line":30,"column":6},"end":{"line":30,"column":18}},"8":{"start":{"line":34,"column":4},"end":{"line":40,"column":5}},"9":{"start":{"line":35,"column":6},"end":{"line":35,"column":48}},"10":{"start":{"line":37,"column":20},"end":{"line":37,"column":67}},"11":{"start":{"line":38,"column":6},"end":{"line":38,"column":29}},"12":{"start":{"line":39,"column":6},"end":{"line":39,"column":18}},"13":{"start":{"line":43,"column":22},"end":{"line":43,"column":54}},"14":{"start":{"line":45,"column":6},"end":{"line":45,"column":66}},"15":{"start":{"line":47,"column":4},"end":{"line":51,"column":5}},"16":{"start":{"line":48,"column":20},"end":{"line":48,"column":54}},"17":{"start":{"line":49,"column":6},"end":{"line":49,"column":29}},"18":{"start":{"line":50,"column":6},"end":{"line":50,"column":18}},"19":{"start":{"line":54,"column":4},"end":{"line":62,"column":5}},"20":{"start":{"line":56,"column":6},"end":{"line":56,"column":78}},"21":{"start":{"line":57,"column":20},"end":{"line":59,"column":7}},"22":{"start":{"line":60,"column":6},"end":{"line":60,"column":29}},"23":{"start":{"line":61,"column":6},"end":{"line":61,"column":18}},"24":{"start":{"line":65,"column":4},"end":{"line":69,"column":5}},"25":{"start":{"line":66,"column":20},"end":{"line":66,"column":49}},"26":{"start":{"line":67,"column":6},"end":{"line":67,"column":29}},"27":{"start":{"line":68,"column":6},"end":{"line":68,"column":18}},"28":{"start":{"line":72,"column":17},"end":{"line":72,"column":71}},"29":{"start":{"line":73,"column":4},"end":{"line":77,"column":5}},"30":{"start":{"line":74,"column":20},"end":{"line":74,"column":49}},"31":{"start":{"line":75,"column":6},"end":{"line":75,"column":29}},"32":{"start":{"line":76,"column":6},"end":{"line":76,"column":18}},"33":{"start":{"line":80,"column":20},"end":{"line":84,"column":5}},"34":{"start":{"line":85,"column":27},"end":{"line":85,"column":71}},"35":{"start":{"line":86,"column":28},"end":{"line":86,"column":73}},"36":{"start":{"line":89,"column":4},"end":{"line":89,"column":56}},"37":{"start":{"line":91,"column":20},"end":{"line":91,"column":62}},"38":{"start":{"line":92,"column":25},"end":{"line":92,"column":67}},"39":{"start":{"line":94,"column":4},"end":{"line":98,"column":7}},"40":{"start":{"line":100,"column":4},"end":{"line":103,"column":6}},"41":{"start":{"line":107,"column":0},"end":{"line":107,"column":37}}},"fnMap":{"0":{"name":"(anonymous_0)","decl":{"start":{"line":13,"column":2},"end":{"line":13,"column":3}},"loc":{"start":{"line":13,"column":66},"end":{"line":17,"column":3}},"line":13},"1":{"name":"(anonymous_1)","decl":{"start":{"line":25,"column":2},"end":{"line":25,"column":3}},"loc":{"start":{"line":25,"column":23},"end":{"line":104,"column":3}},"line":25}},"branchMap":{"0":{"loc":{"start":{"line":27,"column":4},"end":{"line":31,"column":5}},"type":"if","locations":[{"start":{"line":27,"column":4},"end":{"line":31,"column":5}},{"start":{},"end":{}}],"line":27},"1":{"loc":{"start":{"line":47,"column":4},"end":{"line":51,"column":5}},"type":"if","locations":[{"start":{"line":47,"column":4},"end":{"line":51,"column":5}},{"start":{},"end":{}}],"line":47},"2":{"loc":{"start":{"line":54,"column":4},"end":{"line":62,"column":5}},"type":"if","locations":[{"start":{"line":54,"column":4},"end":{"line":62,"column":5}},{"start":{},"end":{}}],"line":54},"3":{"loc":{"start":{"line":65,"column":4},"end":{"line":69,"column":5}},"type":"if","locations":[{"start":{"line":65,"column":4},"end":{"line":69,"column":5}},{"start":{},"end":{}}],"line":65},"4":{"loc":{"start":{"line":73,"column":4},"end":{"line":77,"column":5}},"type":"if","locations":[{"start":{"line":73,"column":4},"end":{"line":77,"column":5}},{"start":{},"end":{}}],"line":73},"5":{"loc":{"start":{"line":73,"column":8},"end":{"line":73,"column":32}},"type":"binary-expr","locations":[{"start":{"line":73,"column":8},"end":{"line":73,"column":13}},{"start":{"line":73,"column":17},"end":{"line":73,"column":32}}],"line":73}},"s":{"0":10,"1":10,"2":10,"3":8,"4":8,"5":1,"6":1,"7":1,"8":7,"9":7,"10":1,"11":1,"12":1,"13":6,"14":6,"15":6,"16":1,"17":1,"18":1,"19":5,"20":1,"21":1,"22":1,"23":1,"24":4,"25":1,"26":1,"27":1,"28":3,"29":3,"30":1,"31":1,"32":1,"33":2,"34":2,"35":2,"36":2,"37":2,"38":2,"39":2,"40":2,"41":4},"f":{"0":10,"1":8},"b":{"0":[1,7],"1":[1,5],"2":[1,4],"3":[1,3],"4":[1,2],"5":[3,3]},"_coverageSchema":"1a1c01bbd47fc00a2c39e90264f33305004495a9","hash":"a8468454afca11491af9b2449ac954627926ae9e"}
,"C:\\Users\\axelp\\Documents\\GitHub\\Desarrollo-de-software-2\\server\\src\\application\\use-cases\\user\\RegisterElderlyUseCase.js": {"path":"C:\\Users\\axelp\\Documents\\GitHub\\Desarrollo-de-software-2\\server\\src\\application\\use-cases\\user\\RegisterElderlyUseCase.js","statementMap":{"0":{"start":{"line":7,"column":18},"end":{"line":7,"column":58}},"1":{"start":{"line":10,"column":4},"end":{"line":10,"column":61}},"2":{"start":{"line":13,"column":25},"end":{"line":17,"column":1}},"3":{"start":{"line":25,"column":4},"end":{"line":25,"column":41}},"4":{"start":{"line":26,"column":4},"end":{"line":26,"column":35}},"5":{"start":{"line":45,"column":4},"end":{"line":51,"column":5}},"6":{"start":{"line":46,"column":20},"end":{"line":48,"column":7}},"7":{"start":{"line":49,"column":6},"end":{"line":49,"column":29}},"8":{"start":{"line":50,"column":6},"end":{"line":50,"column":18}},"9":{"start":{"line":54,"column":27},"end":{"line":54,"column":73}},"10":{"start":{"line":55,"column":26},"end":{"line":55,"column":74}},"11":{"start":{"line":56,"column":4},"end":{"line":60,"column":5}},"12":{"start":{"line":57,"column":20},"end":{"line":57,"column":50}},"13":{"start":{"line":58,"column":6},"end":{"line":58,"column":29}},"14":{"start":{"line":59,"column":6},"end":{"line":59,"column":18}},"15":{"start":{"line":63,"column":4},"end":{"line":72,"column":5}},"16":{"start":{"line":64,"column":31},"end":{"line":66,"column":7}},"17":{"start":{"line":67,"column":6},"end":{"line":71,"column":7}},"18":{"start":{"line":68,"column":22},"end":{"line":68,"column":55}},"19":{"start":{"line":69,"column":8},"end":{"line":69,"column":31}},"20":{"start":{"line":70,"column":8},"end":{"line":70,"column":20}},"21":{"start":{"line":75,"column":26},"end":{"line":77,"column":5}},"22":{"start":{"line":78,"column":4},"end":{"line":82,"column":5}},"23":{"start":{"line":79,"column":20},"end":{"line":79,"column":76}},"24":{"start":{"line":80,"column":6},"end":{"line":80,"column":29}},"25":{"start":{"line":81,"column":6},"end":{"line":81,"column":18}},"26":{"start":{"line":85,"column":24},"end":{"line":85,"column":75}},"27":{"start":{"line":86,"column":4},"end":{"line":90,"column":5}},"28":{"start":{"line":87,"column":20},"end":{"line":87,"column":61}},"29":{"start":{"line":88,"column":6},"end":{"line":88,"column":29}},"30":{"start":{"line":89,"column":6},"end":{"line":89,"column":18}},"31":{"start":{"line":93,"column":25},"end":{"line":93,"column":68}},"32":{"start":{"line":96,"column":21},"end":{"line":106,"column":5}},"33":{"start":{"line":108,"column":24},"end":{"line":108,"column":66}},"34":{"start":{"line":110,"column":56},"end":{"line":110,"column":67}},"35":{"start":{"line":111,"column":4},"end":{"line":111,"column":31}},"36":{"start":{"line":115,"column":0},"end":{"line":115,"column":40}}},"fnMap":{"0":{"name":"(anonymous_0)","decl":{"start":{"line":24,"column":2},"end":{"line":24,"column":3}},"loc":{"start":{"line":24,"column":43},"end":{"line":27,"column":3}},"line":24},"1":{"name":"(anonymous_1)","decl":{"start":{"line":43,"column":2},"end":{"line":43,"column":3}},"loc":{"start":{"line":43,"column":23},"end":{"line":112,"column":3}},"line":43}},"branchMap":{"0":{"loc":{"start":{"line":45,"column":4},"end":{"line":51,"column":5}},"type":"if","locations":[{"start":{"line":45,"column":4},"end":{"line":51,"column":5}},{"start":{},"end":{}}],"line":45},"1":{"loc":{"start":{"line":56,"column":4},"end":{"line":60,"column":5}},"type":"if","locations":[{"start":{"line":56,"column":4},"end":{"line":60,"column":5}},{"start":{},"end":{}}],"line":56},"2":{"loc":{"start":{"line":63,"column":4},"end":{"line":72,"column":5}},"type":"if","locations":[{"start":{"line":63,"column":4},"end":{"line":72,"column":5}},{"start":{},"end":{}}],"line":63},"3":{"loc":{"start":{"line":67,"column":6},"end":{"line":71,"column":7}},"type":"if","locations":[{"start":{"line":67,"column":6},"end":{"line":71,"column":7}},{"start":{},"end":{}}],"line":67},"4":{"loc":{"start":{"line":78,"column":4},"end":{"line":82,"column":5}},"type":"if","locations":[{"start":{"line":78,"column":4},"end":{"line":82,"column":5}},{"start":{},"end":{}}],"line":78},"5":{"loc":{"start":{"line":86,"column":4},"end":{"line":90,"column":5}},"type":"if","locations":[{"start":{"line":86,"column":4},"end":{"line":90,"column":5}},{"start":{},"end":{}}],"line":86},"6":{"loc":{"start":{"line":102,"column":16},"end":{"line":102,"column":38}},"type":"binary-expr","locations":[{"start":{"line":102,"column":16},"end":{"line":102,"column":30}},{"start":{"line":102,"column":34},"end":{"line":102,"column":38}}],"line":102},"7":{"loc":{"start":{"line":104,"column":14},"end":{"line":104,"column":55}},"type":"cond-expr","locations":[{"start":{"line":104,"column":29},"end":{"line":104,"column":48}},{"start":{"line":104,"column":51},"end":{"line":104,"column":55}}],"line":104},"8":{"loc":{"start":{"line":105,"column":17},"end":{"line":105,"column":64}},"type":"cond-expr","locations":[{"start":{"line":105,"column":35},"end":{"line":105,"column":57}},{"start":{"line":105,"column":60},"end":{"line":105,"column":64}}],"line":105}},"s":{"0":4,"1":4,"2":4,"3":9,"4":9,"5":8,"6":1,"7":1,"8":1,"9":7,"10":7,"11":7,"12":1,"13":1,"14":1,"15":6,"16":6,"17":6,"18":1,"19":1,"20":1,"21":5,"22":5,"23":1,"24":1,"25":1,"26":4,"27":4,"28":1,"29":1,"30":1,"31":3,"32":3,"33":3,"34":3,"35":3,"36":4},"f":{"0":9,"1":8},"b":{"0":[1,7],"1":[1,6],"2":[6,0],"3":[1,5],"4":[1,4],"5":[1,3],"6":[3,0],"7":[3,0],"8":[3,0]},"_coverageSchema":"1a1c01bbd47fc00a2c39e90264f33305004495a9","hash":"19bed3744b5c33b40487f3ac3aab784309988d74"}
,"C:\\Users\\axelp\\Documents\\GitHub\\Desarrollo-de-software-2\\server\\src\\application\\use-cases\\user\\RegisterStudentUseCase.js": {"path":"C:\\Users\\axelp\\Documents\\GitHub\\Desarrollo-de-software-2\\server\\src\\application\\use-cases\\user\\RegisterStudentUseCase.js","statementMap":{"0":{"start":{"line":8,"column":18},"end":{"line":8,"column":58}},"1":{"start":{"line":11,"column":4},"end":{"line":11,"column":61}},"2":{"start":{"line":19,"column":4},"end":{"line":19,"column":41}},"3":{"start":{"line":20,"column":4},"end":{"line":20,"column":35}},"4":{"start":{"line":37,"column":28},"end":{"line":39,"column":5}},"5":{"start":{"line":40,"column":4},"end":{"line":44,"column":5}},"6":{"start":{"line":41,"column":20},"end":{"line":41,"column":52}},"7":{"start":{"line":42,"column":6},"end":{"line":42,"column":29}},"8":{"start":{"line":43,"column":6},"end":{"line":43,"column":18}},"9":{"start":{"line":47,"column":27},"end":{"line":47,"column":73}},"10":{"start":{"line":48,"column":26},"end":{"line":48,"column":74}},"11":{"start":{"line":49,"column":4},"end":{"line":53,"column":5}},"12":{"start":{"line":50,"column":20},"end":{"line":50,"column":50}},"13":{"start":{"line":51,"column":6},"end":{"line":51,"column":29}},"14":{"start":{"line":52,"column":6},"end":{"line":52,"column":18}},"15":{"start":{"line":56,"column":26},"end":{"line":58,"column":5}},"16":{"start":{"line":59,"column":4},"end":{"line":63,"column":5}},"17":{"start":{"line":60,"column":20},"end":{"line":60,"column":76}},"18":{"start":{"line":61,"column":6},"end":{"line":61,"column":29}},"19":{"start":{"line":62,"column":6},"end":{"line":62,"column":18}},"20":{"start":{"line":66,"column":24},"end":{"line":66,"column":75}},"21":{"start":{"line":67,"column":4},"end":{"line":71,"column":5}},"22":{"start":{"line":68,"column":20},"end":{"line":68,"column":61}},"23":{"start":{"line":69,"column":6},"end":{"line":69,"column":29}},"24":{"start":{"line":70,"column":6},"end":{"line":70,"column":18}},"25":{"start":{"line":74,"column":25},"end":{"line":74,"column":68}},"26":{"start":{"line":77,"column":21},"end":{"line":85,"column":5}},"27":{"start":{"line":87,"column":24},"end":{"line":87,"column":66}},"28":{"start":{"line":90,"column":56},"end":{"line":90,"column":67}},"29":{"start":{"line":91,"column":4},"end":{"line":91,"column":31}},"30":{"start":{"line":95,"column":0},"end":{"line":95,"column":40}}},"fnMap":{"0":{"name":"(anonymous_0)","decl":{"start":{"line":18,"column":2},"end":{"line":18,"column":3}},"loc":{"start":{"line":18,"column":43},"end":{"line":21,"column":3}},"line":18},"1":{"name":"(anonymous_1)","decl":{"start":{"line":35,"column":2},"end":{"line":35,"column":3}},"loc":{"start":{"line":35,"column":23},"end":{"line":92,"column":3}},"line":35}},"branchMap":{"0":{"loc":{"start":{"line":40,"column":4},"end":{"line":44,"column":5}},"type":"if","locations":[{"start":{"line":40,"column":4},"end":{"line":44,"column":5}},{"start":{},"end":{}}],"line":40},"1":{"loc":{"start":{"line":49,"column":4},"end":{"line":53,"column":5}},"type":"if","locations":[{"start":{"line":49,"column":4},"end":{"line":53,"column":5}},{"start":{},"end":{}}],"line":49},"2":{"loc":{"start":{"line":59,"column":4},"end":{"line":63,"column":5}},"type":"if","locations":[{"start":{"line":59,"column":4},"end":{"line":63,"column":5}},{"start":{},"end":{}}],"line":59},"3":{"loc":{"start":{"line":67,"column":4},"end":{"line":71,"column":5}},"type":"if","locations":[{"start":{"line":67,"column":4},"end":{"line":71,"column":5}},{"start":{},"end":{}}],"line":67},"4":{"loc":{"start":{"line":83,"column":16},"end":{"line":83,"column":38}},"type":"binary-expr","locations":[{"start":{"line":83,"column":16},"end":{"line":83,"column":30}},{"start":{"line":83,"column":34},"end":{"line":83,"column":38}}],"line":83}},"s":{"0":5,"1":5,"2":10,"3":10,"4":10,"5":10,"6":1,"7":1,"8":1,"9":9,"10":9,"11":9,"12":1,"13":1,"14":1,"15":8,"16":8,"17":1,"18":1,"19":1,"20":7,"21":7,"22":1,"23":1,"24":1,"25":6,"26":6,"27":6,"28":6,"29":6,"30":5},"f":{"0":10,"1":10},"b":{"0":[1,9],"1":[1,8],"2":[1,7],"3":[1,6],"4":[6,2]},"_coverageSchema":"1a1c01bbd47fc00a2c39e90264f33305004495a9","hash":"0594628ca0fc11db10f409e820dba5147ed07f6e"}
,"C:\\Users\\axelp\\Documents\\GitHub\\Desarrollo-de-software-2\\server\\src\\application\\use-cases\\user\\SuspendUserUseCase.js": {"path":"C:\\Users\\axelp\\Documents\\GitHub\\Desarrollo-de-software-2\\server\\src\\application\\use-cases\\user\\SuspendUserUseCase.js","statementMap":{"0":{"start":{"line":8,"column":36},"end":{"line":8,"column":76}},"1":{"start":{"line":15,"column":4},"end":{"line":15,"column":41}},"2":{"start":{"line":24,"column":21},"end":{"line":24,"column":63}},"3":{"start":{"line":26,"column":4},"end":{"line":30,"column":5}},"4":{"start":{"line":27,"column":20},"end":{"line":27,"column":55}},"5":{"start":{"line":28,"column":6},"end":{"line":28,"column":29}},"6":{"start":{"line":29,"column":6},"end":{"line":29,"column":18}},"7":{"start":{"line":33,"column":17},"end":{"line":33,"column":35}},"8":{"start":{"line":34,"column":26},"end":{"line":34,"column":54}},"9":{"start":{"line":37,"column":4},"end":{"line":40,"column":7}},"10":{"start":{"line":42,"column":4},"end":{"line":48,"column":6}},"11":{"start":{"line":52,"column":0},"end":{"line":52,"column":36}}},"fnMap":{"0":{"name":"(anonymous_0)","decl":{"start":{"line":14,"column":2},"end":{"line":14,"column":3}},"loc":{"start":{"line":14,"column":30},"end":{"line":16,"column":3}},"line":14},"1":{"name":"(anonymous_1)","decl":{"start":{"line":23,"column":2},"end":{"line":23,"column":3}},"loc":{"start":{"line":23,"column":24},"end":{"line":49,"column":3}},"line":23}},"branchMap":{"0":{"loc":{"start":{"line":26,"column":4},"end":{"line":30,"column":5}},"type":"if","locations":[{"start":{"line":26,"column":4},"end":{"line":30,"column":5}},{"start":{},"end":{}}],"line":26},"1":{"loc":{"start":{"line":45,"column":15},"end":{"line":47,"column":81}},"type":"cond-expr","locations":[{"start":{"line":46,"column":10},"end":{"line":46,"column":82}},{"start":{"line":47,"column":10},"end":{"line":47,"column":81}}],"line":45}},"s":{"0":1,"1":3,"2":3,"3":3,"4":1,"5":1,"6":1,"7":2,"8":2,"9":2,"10":2,"11":1},"f":{"0":3,"1":3},"b":{"0":[1,2],"1":[1,1]},"_coverageSchema":"1a1c01bbd47fc00a2c39e90264f33305004495a9","hash":"d94b36502b99db64c21e8bc95fd9c2d9561fd2a5"}
,"C:\\Users\\axelp\\Documents\\GitHub\\Desarrollo-de-software-2\\server\\src\\domain\\exceptions.js": {"path":"C:\\Users\\axelp\\Documents\\GitHub\\Desarrollo-de-software-2\\server\\src\\domain\\exceptions.js","statementMap":{"0":{"start":{"line":13,"column":4},"end":{"line":13,"column":19}},"1":{"start":{"line":14,"column":4},"end":{"line":14,"column":38}},"2":{"start":{"line":15,"column":4},"end":{"line":15,"column":26}},"3":{"start":{"line":26,"column":4},"end":{"line":26,"column":19}},"4":{"start":{"line":27,"column":4},"end":{"line":27,"column":43}},"5":{"start":{"line":28,"column":4},"end":{"line":28,"column":26}},"6":{"start":{"line":38,"column":4},"end":{"line":38,"column":19}},"7":{"start":{"line":39,"column":4},"end":{"line":39,"column":38}},"8":{"start":{"line":40,"column":4},"end":{"line":40,"column":26}},"9":{"start":{"line":49,"column":4},"end":{"line":49,"column":19}},"10":{"start":{"line":50,"column":4},"end":{"line":50,"column":38}},"11":{"start":{"line":51,"column":4},"end":{"line":51,"column":26}},"12":{"start":{"line":60,"column":4},"end":{"line":60,"column":19}},"13":{"start":{"line":61,"column":4},"end":{"line":61,"column":32}},"14":{"start":{"line":62,"column":4},"end":{"line":62,"column":26}},"15":{"start":{"line":66,"column":0},"end":{"line":72,"column":2}}},"fnMap":{"0":{"name":"(anonymous_0)","decl":{"start":{"line":12,"column":2},"end":{"line":12,"column":3}},"loc":{"start":{"line":12,"column":69},"end":{"line":16,"column":3}},"line":12},"1":{"name":"(anonymous_1)","decl":{"start":{"line":25,"column":2},"end":{"line":25,"column":3}},"loc":{"start":{"line":25,"column":75},"end":{"line":29,"column":3}},"line":25},"2":{"name":"(anonymous_2)","decl":{"start":{"line":37,"column":2},"end":{"line":37,"column":3}},"loc":{"start":{"line":37,"column":63},"end":{"line":41,"column":3}},"line":37},"3":{"name":"(anonymous_3)","decl":{"start":{"line":48,"column":2},"end":{"line":48,"column":3}},"loc":{"start":{"line":48,"column":51},"end":{"line":52,"column":3}},"line":48},"4":{"name":"(anonymous_4)","decl":{"start":{"line":59,"column":2},"end":{"line":59,"column":3}},"loc":{"start":{"line":59,"column":50},"end":{"line":63,"column":3}},"line":59}},"branchMap":{"0":{"loc":{"start":{"line":12,"column":14},"end":{"line":12,"column":67}},"type":"default-arg","locations":[{"start":{"line":12,"column":24},"end":{"line":12,"column":67}}],"line":12},"1":{"loc":{"start":{"line":25,"column":14},"end":{"line":25,"column":73}},"type":"default-arg","locations":[{"start":{"line":25,"column":24},"end":{"line":25,"column":73}}],"line":25},"2":{"loc":{"start":{"line":37,"column":14},"end":{"line":37,"column":61}},"type":"default-arg","locations":[{"start":{"line":37,"column":24},"end":{"line":37,"column":61}}],"line":37},"3":{"loc":{"start":{"line":48,"column":14},"end":{"line":48,"column":49}},"type":"default-arg","locations":[{"start":{"line":48,"column":24},"end":{"line":48,"column":49}}],"line":48},"4":{"loc":{"start":{"line":59,"column":14},"end":{"line":59,"column":48}},"type":"default-arg","locations":[{"start":{"line":59,"column":24},"end":{"line":59,"column":48}}],"line":59}},"s":{"0":9,"1":9,"2":9,"3":8,"4":8,"5":8,"6":8,"7":8,"8":8,"9":8,"10":8,"11":8,"12":8,"13":8,"14":8,"15":2},"f":{"0":9,"1":8,"2":8,"3":8,"4":8},"b":{"0":[7],"1":[7],"2":[7],"3":[7],"4":[6]},"_coverageSchema":"1a1c01bbd47fc00a2c39e90264f33305004495a9","hash":"0049e21a13381466406551236845c9b1a17e25a3"}
[...]
,"C:\\Users\\axelp\\Documents\\GitHub\\Desarrollo-de-software-2\\server\\src\\domain\\services\\SolicitudValidationService.js": {"path":"C:\\Users\\axelp\\Documents\\GitHub\\Desarrollo-de-software-2\\server\\src\\domain\\services\\SolicitudValidationService.js","statementMap":{"0":{"start":{"line":12,"column":23},"end":{"line":12,"column":24}},"1":{"start":{"line":13,"column":20},"end":{"line":13,"column":22}},"2":{"start":{"line":18,"column":34},"end":{"line":18,"column":36}},"3":{"start":{"line":23,"column":30},"end":{"line":23,"column":31}},"4":{"start":{"line":28,"column":43},"end":{"line":28,"column":44}},"5":{"start":{"line":33,"column":32},"end":{"line":33,"column":33}},"6":{"start":{"line":43,"column":4},"end":{"line":45,"column":5}},"7":{"start":{"line":44,"column":6},"end":{"line":44,"column":73}},"8":{"start":{"line":47,"column":19},"end":{"line":47,"column":44}},"9":{"start":{"line":48,"column":4},"end":{"line":50,"column":5}},"10":{"start":{"line":49,"column":6},"end":{"line":49,"column":77}},"11":{"start":{"line":52,"column":17},"end":{"line":52,"column":40}},"12":{"start":{"line":53,"column":20},"end":{"line":53,"column":43}},"13":{"start":{"line":55,"column":4},"end":{"line":64,"column":5}},"14":{"start":{"line":63,"column":6},"end":{"line":63,"column":76}},"15":{"start":{"line":66,"column":4},"end":{"line":71,"column":5}},"16":{"start":{"line":67,"column":6},"end":{"line":70,"column":8}},"17":{"start":{"line":73,"column":4},"end":{"line":73,"column":27}},"18":{"start":{"line":84,"column":18},"end":{"line":84,"column":28}},"19":{"start":{"line":86,"column":28},"end":{"line":86,"column":65}},"20":{"start":{"line":87,"column":32},"end":{"line":87,"column":57}},"21":{"start":{"line":88,"column":4},"end":{"line":88,"column":54}},"22":{"start":{"line":90,"column":25},"end":{"line":90,"column":72}},"23":{"start":{"line":91,"column":28},"end":{"line":91,"column":59}},"24":{"start":{"line":93,"column":4},"end":{"line":98,"column":5}},"25":{"start":{"line":94,"column":6},"end":{"line":97,"column":8}},"26":{"start":{"line":100,"column":4},"end":{"line":100,"column":27}},"27":{"start":{"line":109,"column":18},"end":{"line":109,"column":28}},"28":{"start":{"line":110,"column":4},"end":{"line":110,"column":31}},"29":{"start":{"line":112,"column":18},"end":{"line":112,"column":43}},"30":{"start":{"line":113,"column":4},"end":{"line":113,"column":31}},"31":{"start":{"line":115,"column":4},"end":{"line":120,"column":5}},"32":{"start":{"line":116,"column":6},"end":{"line":119,"column":8}},"33":{"start":{"line":122,"column":4},"end":{"line":122,"column":27}},"34":{"start":{"line":133,"column":18},"end":{"line":133,"column":28}},"35":{"start":{"line":135,"column":28},"end":{"line":135,"column":65}},"36":{"start":{"line":136,"column":32},"end":{"line":136,"column":57}},"37":{"start":{"line":137,"column":4},"end":{"line":137,"column":54}},"38":{"start":{"line":139,"column":25},"end":{"line":139,"column":72}},"39":{"start":{"line":140,"column":28},"end":{"line":140,"column":59}},"40":{"start":{"line":142,"column":4},"end":{"line":142,"column":64}},"41":{"start":{"line":151,"column":19},"end":{"line":151,"column":21}},"42":{"start":{"line":153,"column":29},"end":{"line":153,"column":70}},"43":{"start":{"line":154,"column":4},"end":{"line":154,"column":69}},"44":{"start":{"line":154,"column":33},"end":{"line":154,"column":69}},"45":{"start":{"line":156,"column":27},"end":{"line":156,"column":73}},"46":{"start":{"line":157,"column":4},"end":{"line":157,"column":65}},"47":{"start":{"line":157,"column":31},"end":{"line":157,"column":65}},"48":{"start":{"line":159,"column":4},"end":{"line":166,"column":5}},"49":{"start":{"line":160,"column":36},"end":{"line":163,"column":7}},"50":{"start":{"line":164,"column":6},"end":{"line":165,"column":49}},"51":{"start":{"line":165,"column":8},"end":{"line":165,"column":49}},"52":{"start":{"line":168,"column":4},"end":{"line":168,"column":50}},"53":{"start":{"line":172,"column":0},"end":{"line":180,"column":2}}},"fnMap":{"0":{"name":"(anonymous_0)","decl":{"start":{"line":42,"column":2},"end":{"line":42,"column":3}},"loc":{"start":{"line":42,"column":40},"end":{"line":74,"column":3}},"line":42},"1":{"name":"(anonymous_1)","decl":{"start":{"line":83,"column":2},"end":{"line":83,"column":3}},"loc":{"start":{"line":83,"column":62},"end":{"line":101,"column":3}},"line":83},"2":{"name":"(anonymous_2)","decl":{"start":{"line":108,"column":2},"end":{"line":108,"column":3}},"loc":{"start":{"line":108,"column":45},"end":{"line":123,"column":3}},"line":108},"3":{"name":"(anonymous_3)","decl":{"start":{"line":132,"column":2},"end":{"line":132,"column":3}},"loc":{"start":{"line":132,"column":72},"end":{"line":143,"column":3}},"line":132},"4":{"name":"(anonymous_4)","decl":{"start":{"line":150,"column":2},"end":{"line":150,"column":3}},"loc":{"start":{"line":150,"column":32},"end":{"line":169,"column":3}},"line":150}},"branchMap":{"0":{"loc":{"start":{"line":43,"column":4},"end":{"line":45,"column":5}},"type":"if","locations":[{"start":{"line":43,"column":4},"end":{"line":45,"column":5}},{"start":{},"end":{}}],"line":43},"1":{"loc":{"start":{"line":43,"column":8},"end":{"line":43,"column":61}},"type":"binary-expr","locations":[{"start":{"line":43,"column":8},"end":{"line":43,"column":23}},{"start":{"line":43,"column":27},"end":{"line":43,"column":61}}],"line":43},"2":{"loc":{"start":{"line":48,"column":4},"end":{"line":50,"column":5}},"type":"if","locations":[{"start":{"line":48,"column":4},"end":{"line":50,"column":5}},{"start":{},"end":{}}],"line":48},"3":{"loc":{"start":{"line":55,"column":4},"end":{"line":64,"column":5}},"type":"if","locations":[{"start":{"line":55,"column":4},"end":{"line":64,"column":5}},{"start":{},"end":{}}],"line":55},"4":{"loc":{"start":{"line":56,"column":6},"end":{"line":61,"column":18}},"type":"binary-expr","locations":[{"start":{"line":56,"column":6},"end":{"line":56,"column":24}},{"start":{"line":57,"column":6},"end":{"line":57,"column":27}},{"start":{"line":58,"column":6},"end":{"line":58,"column":14}},{"start":{"line":59,"column":6},"end":{"line":59,"column":15}},{"start":{"line":60,"column":6},"end":{"line":60,"column":17}},{"start":{"line":61,"column":6},"end":{"line":61,"column":18}}],"line":56},"5":{"loc":{"start":{"line":66,"column":4},"end":{"line":71,"column":5}},"type":"if","locations":[{"start":{"line":66,"column":4},"end":{"line":71,"column":5}},{"start":{},"end":{}}],"line":66},"6":{"loc":{"start":{"line":66,"column":8},"end":{"line":66,"column":52}},"type":"binary-expr","locations":[{"start":{"line":66,"column":8},"end":{"line":66,"column":29}},{"start":{"line":66,"column":33},"end":{"line":66,"column":52}}],"line":66},"7":{"loc":{"start":{"line":93,"column":4},"end":{"line":98,"column":5}},"type":"if","locations":[{"start":{"line":93,"column":4},"end":{"line":98,"column":5}},{"start":{},"end":{}}],"line":93},"8":{"loc":{"start":{"line":115,"column":4},"end":{"line":120,"column":5}},"type":"if","locations":[{"start":{"line":115,"column":4},"end":{"line":120,"column":5}},{"start":{},"end":{}}],"line":115},"9":{"loc":{"start":{"line":154,"column":4},"end":{"line":154,"column":69}},"type":"if","locations":[{"start":{"line":154,"column":4},"end":{"line":154,"column":69}},{"start":{},"end":{}}],"line":154},"10":{"loc":{"start":{"line":157,"column":4},"end":{"line":157,"column":65}},"type":"if","locations":[{"start":{"line":157,"column":4},"end":{"line":157,"column":65}},{"start":{},"end":{}}],"line":157},"11":{"loc":{"start":{"line":159,"column":4},"end":{"line":166,"column":5}},"type":"if","locations":[{"start":{"line":159,"column":4},"end":{"line":166,"column":5}},{"start":{},"end":{}}],"line":159},"12":{"loc":{"start":{"line":164,"column":6},"end":{"line":165,"column":49}},"type":"if","locations":[{"start":{"line":164,"column":6},"end":{"line":165,"column":49}},{"start":{},"end":{}}],"line":164}},"s":{"0":11,"1":11,"2":11,"3":11,"4":11,"5":11,"6":30,"7":4,"8":26,"9":26,"10":2,"11":24,"12":24,"13":24,"14":1,"15":23,"16":11,"17":12,"18":9,"19":9,"20":9,"21":9,"22":9,"23":9,"24":9,"25":3,"26":6,"27":17,"28":17,"29":17,"30":17,"31":17,"32":7,"33":10,"34":5,"35":5,"36":5,"37":5,"38":5,"39":5,"40":5,"41":11,"42":11,"43":11,"44":5,"45":11,"46":11,"47":4,"48":11,"49":4,"50":4,"51":0,"52":11,"53":11},"f":{"0":30,"1":9,"2":17,"3":5,"4":11},"b":{"0":[4,26],"1":[30,26],"2":[2,24],"3":[1,23],"4":[24,23,23,23,23,23],"5":[11,12],"6":[23,19],"7":[3,6],"8":[7,10],"9":[5,6],"10":[4,7],"11":[4,7],"12":[0,4]},"_coverageSchema":"1a1c01bbd47fc00a2c39e90264f33305004495a9","hash":"3d0b363f2747561b9034b31c6e39d020495eaa2b"}
,"C:\\Users\\axelp\\Documents\\GitHub\\Desarrollo-de-software-2\\server\\src\\domain\\services\\UserValidationService.js": {"path":"C:\\Users\\axelp\\Documents\\GitHub\\Desarrollo-de-software-2\\server\\src\\domain\\services\\UserValidationService.js","statementMap":{"0":{"start":{"line":8,"column":25},"end":{"line":8,"column":52}},"1":{"start":{"line":14,"column":27},"end":{"line":14,"column":71}},"2":{"start":{"line":25,"column":4},"end":{"line":27,"column":5}},"3":{"start":{"line":26,"column":6},"end":{"line":26,"column":63}},"4":{"start":{"line":29,"column":29},"end":{"line":29,"column":55}},"5":{"start":{"line":30,"column":25},"end":{"line":32,"column":5}},"6":{"start":{"line":31,"column":6},"end":{"line":31,"column":40}},"7":{"start":{"line":34,"column":4},"end":{"line":39,"column":5}},"8":{"start":{"line":35,"column":6},"end":{"line":38,"column":8}},"9":{"start":{"line":41,"column":4},"end":{"line":41,"column":27}},"10":{"start":{"line":52,"column":4},"end":{"line":54,"column":5}},"11":{"start":{"line":53,"column":6},"end":{"line":53,"column":61}},"12":{"start":{"line":57,"column":22},"end":{"line":57,"column":69}},"13":{"start":{"line":59,"column":4},"end":{"line":61,"column":5}},"14":{"start":{"line":60,"column":6},"end":{"line":60,"column":60}},"15":{"start":{"line":63,"column":19},"end":{"line":63,"column":41}},"16":{"start":{"line":64,"column":30},"end":{"line":64,"column":63}},"17":{"start":{"line":67,"column":4},"end":{"line":69,"column":5}},"18":{"start":{"line":68,"column":6},"end":{"line":68,"column":78}},"19":{"start":{"line":73,"column":6},"end":{"line":73,"column":61}},"20":{"start":{"line":75,"column":4},"end":{"line":80,"column":5}},"21":{"start":{"line":76,"column":6},"end":{"line":79,"column":8}},"22":{"start":{"line":82,"column":4},"end":{"line":82,"column":27}},"23":{"start":{"line":91,"column":15},"end":{"line":91,"column":16}},"24":{"start":{"line":92,"column":24},"end":{"line":92,"column":25}},"25":{"start":{"line":94,"column":4},"end":{"line":97,"column":5}},"26":{"start":{"line":94,"column":17},"end":{"line":94,"column":34}},"27":{"start":{"line":95,"column":6},"end":{"line":95,"column":54}},"28":{"start":{"line":96,"column":6},"end":{"line":96,"column":66}},"29":{"start":{"line":99,"column":18},"end":{"line":99,"column":34}},"30":{"start":{"line":101,"column":4},"end":{"line":101,"column":33}},"31":{"start":{"line":101,"column":22},"end":{"line":101,"column":33}},"32":{"start":{"line":102,"column":4},"end":{"line":102,"column":33}},"33":{"start":{"line":102,"column":22},"end":{"line":102,"column":33}},"34":{"start":{"line":103,"column":4},"end":{"line":103,"column":28}},"35":{"start":{"line":113,"column":4},"end":{"line":115,"column":5}},"36":{"start":{"line":114,"column":6},"end":{"line":114,"column":64}},"37":{"start":{"line":117,"column":30},"end":{"line":117,"column":57}},"38":{"start":{"line":118,"column":24},"end":{"line":118,"column":70}},"39":{"start":{"line":120,"column":4},"end":{"line":125,"column":5}},"40":{"start":{"line":121,"column":6},"end":{"line":124,"column":8}},"41":{"start":{"line":127,"column":4},"end":{"line":127,"column":27}},"42":{"start":{"line":136,"column":19},"end":{"line":136,"column":48}},"43":{"start":{"line":137,"column":4},"end":{"line":137,"column":58}},"44":{"start":{"line":137,"column":30},"end":{"line":137,"column":58}},"45":{"start":{"line":139,"column":19},"end":{"line":139,"column":38}},"46":{"start":{"line":140,"column":15},"end":{"line":140,"column":31}},"47":{"start":{"line":141,"column":4},"end":{"line":141,"column":43}},"48":{"start":{"line":153,"column":4},"end":{"line":153,"column":38}},"49":{"start":{"line":153,"column":16},"end":{"line":153,"column":38}},"50":{"start":{"line":154,"column":22},"end":{"line":154,"column":48}},"51":{"start":{"line":155,"column":25},"end":{"line":155,"column":72}},"52":{"start":{"line":155,"column":50},"end":{"line":155,"column":71}},"53":{"start":{"line":156,"column":4},"end":{"line":156,"column":56}},"54":{"start":{"line":160,"column":0},"end":{"line":160,"column":63}}},"fnMap":{"0":{"name":"(anonymous_0)","decl":{"start":{"line":24,"column":2},"end":{"line":24,"column":3}},"loc":{"start":{"line":24,"column":39},"end":{"line":42,"column":3}},"line":24},"1":{"name":"(anonymous_1)","decl":{"start":{"line":30,"column":43},"end":{"line":30,"column":44}},"loc":{"start":{"line":31,"column":6},"end":{"line":31,"column":40}},"line":31},"2":{"name":"(anonymous_2)","decl":{"start":{"line":51,"column":2},"end":{"line":51,"column":3}},"loc":{"start":{"line":51,"column":25},"end":{"line":83,"column":3}},"line":51},"3":{"name":"(anonymous_3)","decl":{"start":{"line":90,"column":2},"end":{"line":90,"column":3}},"loc":{"start":{"line":90,"column":43},"end":{"line":104,"column":3}},"line":90},"4":{"name":"(anonymous_4)","decl":{"start":{"line":112,"column":2},"end":{"line":112,"column":3}},"loc":{"start":{"line":112,"column":31},"end":{"line":128,"column":3}},"line":112},"5":{"name":"(anonymous_5)","decl":{"start":{"line":135,"column":2},"end":{"line":135,"column":3}},"loc":{"start":{"line":135,"column":28},"end":{"line":142,"column":3}},"line":135},"6":{"name":"(anonymous_6)","decl":{"start":{"line":152,"column":2},"end":{"line":152,"column":3}},"loc":{"start":{"line":152,"column":40},"end":{"line":157,"column":3}},"line":152},"7":{"name":"(anonymous_7)","decl":{"start":{"line":155,"column":43},"end":{"line":155,"column":44}},"loc":{"start":{"line":155,"column":50},"end":{"line":155,"column":71}},"line":155}},"branchMap":{"0":{"loc":{"start":{"line":25,"column":4},"end":{"line":27,"column":5}},"type":"if","locations":[{"start":{"line":25,"column":4},"end":{"line":27,"column":5}},{"start":{},"end":{}}],"line":25},"1":{"loc":{"start":{"line":25,"column":8},"end":{"line":25,"column":43}},"type":"binary-expr","locations":[{"start":{"line":25,"column":8},"end":{"line":25,"column":14}},{"start":{"line":25,"column":18},"end":{"line":25,"column":43}}],"line":25},"2":{"loc":{"start":{"line":34,"column":4},"end":{"line":39,"column":5}},"type":"if","locations":[{"start":{"line":34,"column":4},"end":{"line":39,"column":5}},{"start":{},"end":{}}],"line":34},"3":{"loc":{"start":{"line":52,"column":4},"end":{"line":54,"column":5}},"type":"if","locations":[{"start":{"line":52,"column":4},"end":{"line":54,"column":5}},{"start":{},"end":{}}],"line":52},"4":{"loc":{"start":{"line":52,"column":8},"end":{"line":52,"column":39}},"type":"binary-expr","locations":[{"start":{"line":52,"column":8},"end":{"line":52,"column":12}},{"start":{"line":52,"column":16},"end":{"line":52,"column":39}}],"line":52},"5":{"loc":{"start":{"line":59,"column":4},"end":{"line":61,"column":5}},"type":"if","locations":[{"start":{"line":59,"column":4},"end":{"line":61,"column":5}},{"start":{},"end":{}}],"line":59},"6":{"loc":{"start":{"line":67,"column":4},"end":{"line":69,"column":5}},"type":"if","locations":[{"start":{"line":67,"column":4},"end":{"line":69,"column":5}},{"start":{},"end":{}}],"line":67},"7":{"loc":{"start":{"line":75,"column":4},"end":{"line":80,"column":5}},"type":"if","locations":[{"start":{"line":75,"column":4},"end":{"line":80,"column":5}},{"start":{},"end":{}}],"line":75},"8":{"loc":{"start":{"line":96,"column":22},"end":{"line":96,"column":65}},"type":"cond-expr","locations":[{"start":{"line":96,"column":44},"end":{"line":96,"column":45}},{"start":{"line":96,"column":48},"end":{"line":96,"column":65}}],"line":96},"9":{"loc":{"start":{"line":101,"column":4},"end":{"line":101,"column":33}},"type":"if","locations":[{"start":{"line":101,"column":4},"end":{"line":101,"column":33}},{"start":{},"end":{}}],"line":101},"10":{"loc":{"start":{"line":102,"column":4},"end":{"line":102,"column":33}},"type":"if","locations":[{"start":{"line":102,"column":4},"end":{"line":102,"column":33}},{"start":{},"end":{}}],"line":102},"11":{"loc":{"start":{"line":113,"column":4},"end":{"line":115,"column":5}},"type":"if","locations":[{"start":{"line":113,"column":4},"end":{"line":115,"column":5}},{"start":{},"end":{}}],"line":113},"12":{"loc":{"start":{"line":113,"column":8},"end":{"line":113,"column":45}},"type":"binary-expr","locations":[{"start":{"line":113,"column":8},"end":{"line":113,"column":15}},{"start":{"line":113,"column":19},"end":{"line":113,"column":45}}],"line":113},"13":{"loc":{"start":{"line":120,"column":4},"end":{"line":125,"column":5}},"type":"if","locations":[{"start":{"line":120,"column":4},"end":{"line":125,"column":5}},{"start":{},"end":{}}],"line":120},"14":{"loc":{"start":{"line":137,"column":4},"end":{"line":137,"column":58}},"type":"if","locations":[{"start":{"line":137,"column":4},"end":{"line":137,"column":58}},{"start":{},"end":{}}],"line":137},"15":{"loc":{"start":{"line":153,"column":4},"end":{"line":153,"column":38}},"type":"if","locations":[{"start":{"line":153,"column":4},"end":{"line":153,"column":38}},{"start":{},"end":{}}],"line":153},"16":{"loc":{"start":{"line":156,"column":11},"end":{"line":156,"column":55}},"type":"cond-expr","locations":[{"start":{"line":156,"column":26},"end":{"line":156,"column":38}},{"start":{"line":156,"column":41},"end":{"line":156,"column":55}}],"line":156}},"s":{"0":10,"1":10,"2":21,"3":5,"4":16,"5":16,"6":27,"7":16,"8":4,"9":12,"10":21,"11":4,"12":17,"13":17,"14":1,"15":16,"16":16,"17":16,"18":2,"19":14,"20":14,"21":2,"22":12,"23":19,"24":19,"25":19,"26":19,"27":152,"28":152,"29":19,"30":19,"31":0,"32":19,"33":0,"34":19,"35":17,"36":3,"37":14,"38":14,"39":14,"40":4,"41":10,"42":22,"43":22,"44":19,"45":3,"46":3,"47":3,"48":9,"49":3,"50":6,"51":6,"52":10,"53":6,"54":10},"f":{"0":21,"1":27,"2":21,"3":19,"4":17,"5":22,"6":9,"7":10},"b":{"0":[5,16],"1":[21,17],"2":[4,12],"3":[4,17],"4":[21,17],"5":[1,16],"6":[2,14],"7":[2,12],"8":[19,133],"9":[0,19],"10":[0,19],"11":[3,14],"12":[17,14],"13":[4,10],"14":[19,3],"15":[3,6],"16":[4,2]},"_coverageSchema":"1a1c01bbd47fc00a2c39e90264f33305004495a9","hash":"62ef69b08a721873fb3a0461dc93c2cf1ac7d5d0"}
}
