TN:
SF:src\application\use-cases\categoria\GetCategoriasUseCase.js
FN:11,(anonymous_0)
FN:19,(anonymous_1)
FNF:2
FNH:2
FNDA:4,(anonymous_0)
FNDA:3,(anonymous_1)
DA:12,4
DA:20,3
DA:24,4
LF:3
LH:3
BRF:0
BRH:0
end_of_record
TN:
SF:src\application\use-cases\evaluacion\CreateEvaluacionUseCase.js
FN:15,(anonymous_0)
FN:29,(anonymous_1)
FNF:2
FNH:2
FNDA:10,(anonymous_0)
FNDA:8,(anonymous_1)
DA:7,4
DA:8,4
DA:16,10
DA:17,10
DA:31,8
DA:35,8
DA:36,1
DA:37,1
DA:38,1
DA:41,7
DA:45,1
DA:48,1
DA:49,1
DA:53,6
DA:54,6
DA:56,6
DA:57,1
DA:60,1
DA:61,1
DA:65,5
DA:70,5
DA:79,4
DA:80,0
DA:81,0
DA:82,0
DA:87,4
DA:92,4
DA:93,1
DA:94,1
DA:95,1
DA:99,3
DA:107,3
DA:111,4
LF:33
LH:30
BRDA:35,0,0,1
BRDA:35,0,1,7
BRDA:41,1,0,1
BRDA:41,1,1,6
BRDA:42,2,0,7
BRDA:42,2,1,1
BRDA:56,3,0,1
BRDA:56,3,1,5
BRDA:56,4,0,6
BRDA:56,4,1,3
BRDA:65,5,0,3
BRDA:65,5,1,2
BRDA:79,6,0,0
BRDA:79,6,1,4
BRDA:92,7,0,1
BRDA:92,7,1,3
BRDA:104,8,0,3
BRDA:104,8,1,0
BRF:18
BRH:16
end_of_record
TN:
SF:src\application\use-cases\evaluacion\GetEvaluacionesUseCase.js
FN:10,(anonymous_0)
FN:19,(anonymous_1)
FNF:2
FNH:2
FNDA:4,(anonymous_0)
FNDA:1,(anonymous_1)
DA:11,4
DA:20,1
DA:24,4
LF:3
LH:3
BRF:0
BRH:0
end_of_record
TN:
SF:src\application\use-cases\solicitud\AcceptSolicitudUseCase.js
FN:21,(anonymous_0)
FN:34,(anonymous_1)
FN:76,(anonymous_2)
FNF:3
FNH:3
FNDA:14,(anonymous_0)
FNDA:13,(anonymous_1)
FNDA:6,(anonymous_2)
DA:10,5
DA:13,5
DA:22,14
DA:23,14
DA:24,14
DA:36,13
DA:38,13
DA:39,1
DA:40,1
DA:41,1
DA:44,12
DA:45,2
DA:48,2
DA:49,2
DA:52,10
DA:53,2
DA:56,2
DA:57,2
DA:62,8
DA:64,8
DA:65,2
DA:68,2
DA:69,2
DA:74,6
DA:75,6
DA:78,6
DA:83,6
DA:84,1
DA:85,1
DA:86,1
DA:89,5
DA:90,1
DA:91,1
DA:92,1
DA:96,4
DA:97,0
DA:98,0
DA:99,0
DA:103,4
DA:107,4
DA:108,0
DA:111,0
DA:112,0
DA:116,4
DA:145,4
DA:150,4
DA:153,2
DA:156,0
DA:157,0
DA:160,0
DA:161,0
DA:164,0
DA:169,5
LF:53
LH:42
BRDA:38,0,0,1
BRDA:38,0,1,12
BRDA:44,1,0,2
BRDA:44,1,1,10
BRDA:52,2,0,2
BRDA:52,2,1,8
BRDA:64,3,0,2
BRDA:64,3,1,6
BRDA:83,4,0,1
BRDA:83,4,1,5
BRDA:89,5,0,1
BRDA:89,5,1,4
BRDA:96,6,0,0
BRDA:96,6,1,4
BRDA:107,7,0,0
BRDA:107,7,1,4
BRDA:153,8,0,2
BRDA:153,8,1,0
BRDA:156,9,0,0
BRDA:156,9,1,0
BRF:20
BRH:15
end_of_record
TN:
SF:src\application\use-cases\solicitud\AutoApproveSolicitudesUseCase.js
FN:14,(anonymous_0)
FN:23,(anonymous_1)
FNF:2
FNH:2
FNDA:5,(anonymous_0)
FNDA:2,(anonymous_1)
DA:8,4
DA:15,5
DA:26,2
DA:28,2
DA:30,2
DA:31,2
DA:34,2
DA:37,2
DA:45,4
LF:9
LH:9
BRF:0
BRH:0
end_of_record
TN:
SF:src\application\use-cases\solicitud\CancelAcceptedSolicitudUseCase.js
FN:21,(anonymous_0)
FN:33,(anonymous_1)
FNF:2
FNH:2
FNDA:9,(anonymous_0)
FNDA:6,(anonymous_1)
DA:9,4
DA:10,4
DA:13,4
DA:14,4
DA:22,9
DA:23,9
DA:35,6
DA:37,6
DA:38,1
DA:41,5
DA:42,1
DA:45,1
DA:46,1
DA:50,4
DA:51,1
DA:54,1
DA:55,1
DA:60,3
DA:66,3
DA:72,3
DA:74,3
DA:75,2
DA:76,2
DA:77,2
DA:79,2
DA:84,2
DA:95,3
DA:106,4
LF:28
LH:28
BRDA:37,0,0,1
BRDA:37,0,1,5
BRDA:41,1,0,1
BRDA:41,1,1,4
BRDA:50,2,0,1
BRDA:50,2,1,3
BRDA:74,3,0,2
BRDA:74,3,1,1
BRDA:89,4,0,1
BRDA:89,4,1,1
BRDA:97,5,0,3
BRDA:97,5,1,1
BRF:12
BRH:12
end_of_record
TN:
SF:src\application\use-cases\solicitud\CancelSolicitudUseCase.js
FN:13,(anonymous_0)
FN:24,(anonymous_1)
FNF:2
FNH:2
FNDA:6,(anonymous_0)
FNDA:3,(anonymous_1)
DA:7,4
DA:14,6
DA:25,3
DA:27,3
DA:28,1
DA:29,1
DA:30,1
DA:33,2
DA:35,2
DA:36,1
DA:39,1
DA:40,1
DA:44,1
DA:46,1
DA:51,1
DA:55,4
LF:16
LH:16
BRDA:27,0,0,1
BRDA:27,0,1,2
BRDA:35,1,0,1
BRDA:35,1,1,1
BRF:4
BRH:4
end_of_record
TN:
SF:src\application\use-cases\solicitud\CompleteSolicitudUseCase.js
FN:14,(anonymous_0)
FN:25,(anonymous_1)
FNF:2
FNH:2
FNDA:7,(anonymous_0)
FNDA:6,(anonymous_1)
DA:7,4
DA:8,4
DA:15,7
DA:26,6
DA:28,6
DA:29,1
DA:32,5
DA:33,1
DA:36,1
DA:37,1
DA:40,4
DA:41,1
DA:44,1
DA:45,1
DA:48,3
DA:52,3
DA:56,4
LF:17
LH:17
BRDA:28,0,0,1
BRDA:28,0,1,5
BRDA:32,1,0,1
BRDA:32,1,1,4
BRDA:40,2,0,1
BRDA:40,2,1,3
BRF:6
BRH:6
end_of_record
TN:
SF:src\application\use-cases\solicitud\ConfirmSolicitudUseCase.js
FN:14,(anonymous_0)
FN:25,(anonymous_1)
FNF:2
FNH:2
FNDA:7,(anonymous_0)
FNDA:6,(anonymous_1)
DA:8,4
DA:15,7
DA:26,6
DA:28,6
DA:29,1
DA:30,1
DA:31,1
DA:34,5
DA:35,1
DA:38,1
DA:39,1
DA:42,4
DA:43,1
DA:46,1
DA:47,1
DA:50,3
DA:54,3
DA:58,4
LF:18
LH:18
BRDA:28,0,0,1
BRDA:28,0,1,5
BRDA:34,1,0,1
BRDA:34,1,1,4
BRDA:42,2,0,1
BRDA:42,2,1,3
BRF:6
BRH:6
end_of_record
TN:
SF:src\application\use-cases\solicitud\CreateSolicitudUseCase.js
FN:24,(anonymous_0)
FN:45,(anonymous_1)
FNF:2
FNH:2
FNDA:18,(anonymous_0)
FNDA:17,(anonymous_1)
DA:10,5
DA:13,5
DA:16,5
DA:25,18
DA:26,18
DA:27,18
DA:47,17
DA:48,17
DA:49,2
DA:50,2
DA:51,2
DA:54,15
DA:56,15
DA:59,2
DA:62,2
DA:63,2
DA:66,13
DA:67,2
DA:70,2
DA:71,2
DA:75,11
DA:78,11
DA:79,2
DA:80,2
DA:81,2
DA:83,9
DA:84,1
DA:85,1
DA:86,1
DA:90,8
DA:95,8
DA:96,3
DA:97,3
DA:98,3
DA:102,5
DA:103,5
DA:104,1
DA:105,1
DA:106,1
DA:110,4
DA:127,4
DA:128,4
DA:132,5
LF:43
LH:43
BRDA:48,0,0,2
BRDA:48,0,1,15
BRDA:56,1,0,2
BRDA:56,1,1,13
BRDA:66,2,0,2
BRDA:66,2,1,11
BRDA:78,3,0,2
BRDA:78,3,1,9
BRDA:83,4,0,1
BRDA:83,4,1,8
BRDA:95,5,0,3
BRDA:95,5,1,5
BRDA:103,6,0,1
BRDA:103,6,1,4
BRDA:119,7,0,0
BRDA:119,7,1,4
BRDA:122,8,0,0
BRDA:122,8,1,4
BRF:18
BRH:16
end_of_record
TN:
SF:src\application\use-cases\solicitud\GetMisSolicitudesUseCase.js
FN:10,(anonymous_0)
FN:22,(anonymous_1)
FNF:2
FNH:2
FNDA:6,(anonymous_0)
FNDA:3,(anonymous_1)
DA:11,6
DA:23,3
DA:24,1
DA:27,2
DA:28,1
DA:31,1
DA:32,1
DA:33,1
DA:37,4
LF:9
LH:9
BRDA:23,0,0,1
BRDA:23,0,1,2
BRDA:27,1,0,1
BRDA:27,1,1,1
BRF:4
BRH:4
end_of_record
TN:
SF:src\application\use-cases\solicitud\GetSolicitudDetailUseCase.js
FN:12,(anonymous_0)
FN:23,(anonymous_1)
FNF:2
FNH:2
FNDA:7,(anonymous_0)
FNDA:4,(anonymous_1)
DA:13,7
DA:24,4
DA:26,4
DA:27,1
DA:28,1
DA:29,1
DA:33,3
DA:34,3
DA:35,3
DA:38,3
DA:40,3
DA:42,3
DA:43,1
DA:44,1
DA:45,0
DA:51,3
DA:52,1
DA:53,1
DA:54,1
DA:55,1
DA:58,3
DA:62,4
LF:22
LH:21
BRDA:26,0,0,1
BRDA:26,0,1,3
BRDA:38,1,0,3
BRDA:38,1,1,2
BRDA:38,1,2,1
BRDA:42,2,0,1
BRDA:42,2,1,2
BRDA:44,3,0,0
BRDA:44,3,1,1
BRDA:51,4,0,1
BRDA:51,4,1,2
BRDA:51,5,0,3
BRDA:51,5,1,3
BRF:13
BRH:12
end_of_record
TN:
SF:src\application\use-cases\solicitud\GetSolicitudesUseCase.js
FN:12,(anonymous_0)
FN:23,(anonymous_1)
FN:27,(anonymous_2)
FNF:3
FNH:3
FNDA:4,(anonymous_0)
FNDA:2,(anonymous_1)
FNDA:2,(anonymous_2)
DA:13,4
DA:24,2
DA:27,2
DA:28,2
DA:31,2
DA:32,2
DA:35,2
DA:36,1
DA:37,1
DA:38,1
DA:39,1
DA:42,2
DA:45,2
DA:49,4
LF:14
LH:14
BRDA:35,0,0,1
BRDA:35,0,1,1
BRF:2
BRH:2
end_of_record
TN:
SF:src\application\use-cases\solicitud\UpdateSolicitudUseCase.js
FN:17,(anonymous_0)
FN:30,(anonymous_1)
FN:91,(anonymous_2)
FNF:3
FNH:3
FNDA:8,(anonymous_0)
FNDA:5,(anonymous_1)
FNDA:1,(anonymous_2)
DA:7,4
DA:10,4
DA:18,8
DA:19,8
DA:31,5
DA:33,5
DA:34,1
DA:35,1
DA:36,1
DA:40,4
DA:42,4
DA:43,1
DA:46,1
DA:47,1
DA:51,3
DA:52,1
DA:55,1
DA:56,1
DA:57,1
DA:58,1
DA:63,2
DA:64,1
DA:67,1
DA:69,1
DA:74,1
DA:75,1
DA:76,1
DA:77,1
DA:82,1
DA:84,1
DA:88,1
DA:92,1
DA:93,1
DA:94,1
DA:95,1
DA:96,1
DA:97,0
DA:98,1
DA:99,1
DA:100,1
DA:101,1
DA:105,4
LF:42
LH:41
BRDA:33,0,0,1
BRDA:33,0,1,4
BRDA:42,1,0,1
BRDA:42,1,1,3
BRDA:51,2,0,1
BRDA:51,2,1,2
BRDA:55,3,0,1
BRDA:55,3,1,0
BRDA:55,4,0,1
BRDA:55,4,1,0
BRDA:63,5,0,1
BRDA:63,5,1,1
BRDA:63,6,0,2
BRDA:63,6,1,1
BRDA:64,7,0,1
BRDA:64,7,1,0
BRDA:67,8,0,1
BRDA:67,8,1,1
BRDA:74,9,0,1
BRDA:74,9,1,0
BRDA:93,10,0,1
BRDA:93,10,1,0
BRDA:94,11,0,0
BRDA:94,11,1,1
BRDA:95,12,0,0
BRDA:95,12,1,1
BRDA:96,13,0,0
BRDA:96,13,1,1
BRDA:98,14,0,0
BRDA:98,14,1,1
BRDA:99,15,0,0
BRDA:99,15,1,1
BRDA:100,16,0,0
BRDA:100,16,1,1
BRF:34
BRH:23
end_of_record
TN:
SF:src\application\use-cases\user\GetUserProfileUseCase.js
FN:10,(anonymous_0)
FN:20,(anonymous_1)
FNF:2
FNH:2
FNDA:5,(anonymous_0)
FNDA:4,(anonymous_1)
DA:11,5
DA:21,4
DA:23,4
DA:24,2
DA:25,2
DA:26,2
DA:29,2
DA:30,2
DA:34,4
LF:9
LH:9
BRDA:23,0,0,2
BRDA:23,0,1,2
BRF:2
BRH:2
end_of_record
TN:
SF:src\application\use-cases\user\LoginUserUseCase.js
FN:14,(anonymous_0)
FN:29,(anonymous_1)
FNF:2
FNH:2
FNDA:13,(anonymous_0)
FNDA:15,(anonymous_1)
DA:15,13
DA:16,13
DA:17,13
DA:18,13
DA:31,15
DA:35,15
DA:36,2
DA:37,2
DA:38,2
DA:42,13
DA:47,13
DA:48,2
DA:49,2
DA:50,2
DA:54,11
DA:55,2
DA:58,2
DA:59,2
DA:63,9
DA:68,9
DA:69,9
DA:72,9
DA:73,9
DA:75,9
DA:82,9
DA:84,9
DA:92,5
LF:27
LH:27
BRDA:35,0,0,2
BRDA:35,0,1,13
BRDA:47,1,0,2
BRDA:47,1,1,11
BRDA:54,2,0,2
BRDA:54,2,1,9
BRF:6
BRH:6
end_of_record
TN:
SF:src\application\use-cases\user\LogoutAllUsersUseCase.js
FN:11,(anonymous_0)
FN:20,(anonymous_1)
FNF:2
FNH:2
FNDA:4,(anonymous_0)
FNDA:1,(anonymous_1)
DA:12,4
DA:21,1
DA:22,1
DA:29,4
LF:4
LH:4
BRF:0
BRH:0
end_of_record
TN:
SF:src\application\use-cases\user\LogoutUserUseCase.js
FN:12,(anonymous_0)
FN:23,(anonymous_1)
FNF:2
FNH:2
FNDA:6,(anonymous_0)
FNDA:3,(anonymous_1)
DA:13,6
DA:14,6
DA:24,3
DA:25,3
DA:26,1
DA:27,1
DA:28,1
DA:31,2
DA:33,2
DA:34,2
DA:37,1
DA:40,2
DA:47,4
LF:13
LH:13
BRDA:25,0,0,1
BRDA:25,0,1,2
BRF:2
BRH:2
end_of_record
TN:
SF:src\application\use-cases\user\RefreshTokenUseCase.js
FN:13,(anonymous_0)
FN:25,(anonymous_1)
FNF:2
FNH:2
FNDA:10,(anonymous_0)
FNDA:8,(anonymous_1)
DA:14,10
DA:15,10
DA:16,10
DA:26,8
DA:27,8
DA:28,1
DA:29,1
DA:30,1
DA:34,7
DA:35,7
DA:37,1
DA:38,1
DA:39,1
DA:40,1
DA:44,6
DA:46,6
DA:48,6
DA:49,1
DA:50,1
DA:51,1
DA:55,5
DA:57,1
DA:58,1
DA:61,1
DA:62,1
DA:66,4
DA:67,1
DA:68,1
DA:69,1
DA:73,3
DA:74,3
DA:75,1
DA:76,1
DA:77,1
DA:81,2
DA:86,2
DA:87,2
DA:90,2
DA:92,2
DA:93,2
DA:95,2
DA:101,2
DA:108,4
LF:43
LH:43
BRDA:27,0,0,1
BRDA:27,0,1,7
BRDA:48,1,0,1
BRDA:48,1,1,5
BRDA:55,2,0,1
BRDA:55,2,1,4
BRDA:66,3,0,1
BRDA:66,3,1,3
BRDA:74,4,0,1
BRDA:74,4,1,2
BRDA:74,5,0,3
BRDA:74,5,1,3
BRF:12
BRH:12
end_of_record
TN:
SF:src\application\use-cases\user\RegisterElderlyUseCase.js
FN:28,(anonymous_0)
FN:47,(anonymous_1)
FNF:2
FNH:2
FNDA:9,(anonymous_0)
FNDA:8,(anonymous_1)
DA:7,4
DA:10,4
DA:14,4
DA:17,4
DA:29,9
DA:30,9
DA:49,8
DA:50,1
DA:56,7
DA:57,7
DA:58,7
DA:61,6
DA:62,6
DA:65,6
DA:66,1
DA:70,5
DA:73,5
DA:74,1
DA:77,4
DA:78,4
DA:81,3
DA:84,3
DA:96,3
DA:98,3
DA:99,3
DA:103,4
LF:26
LH:26
BRDA:49,0,0,1
BRDA:49,0,1,7
BRDA:58,1,0,1
BRDA:58,1,1,6
BRDA:61,2,0,6
BRDA:61,2,1,0
BRDA:65,3,0,1
BRDA:65,3,1,5
BRDA:73,4,0,1
BRDA:73,4,1,4
BRDA:78,5,0,1
BRDA:78,5,1,3
BRDA:90,6,0,3
BRDA:90,6,1,0
BRDA:92,7,0,3
BRDA:92,7,1,0
BRDA:93,8,0,3
BRDA:93,8,1,0
BRF:18
BRH:14
end_of_record
TN:
SF:src\application\use-cases\user\RegisterStudentUseCase.js
FN:22,(anonymous_0)
FN:39,(anonymous_1)
FNF:2
FNH:2
FNDA:10,(anonymous_0)
FNDA:10,(anonymous_1)
DA:8,5
DA:11,5
DA:15,5
DA:23,10
DA:24,10
DA:41,10
DA:44,10
DA:45,1
DA:48,9
DA:49,9
DA:50,9
DA:53,8
DA:56,8
DA:57,1
DA:60,7
DA:61,7
DA:64,6
DA:67,6
DA:77,6
DA:80,6
DA:81,6
DA:85,5
LF:22
LH:22
BRDA:44,0,0,1
BRDA:44,0,1,9
BRDA:50,1,0,1
BRDA:50,1,1,8
BRDA:56,2,0,1
BRDA:56,2,1,7
BRDA:61,3,0,1
BRDA:61,3,1,6
BRDA:73,4,0,6
BRDA:73,4,1,2
BRF:10
BRH:10
end_of_record
TN:
SF:src\application\use-cases\user\SuspendUserUseCase.js
FN:14,(anonymous_0)
FN:23,(anonymous_1)
FNF:2
FNH:2
FNDA:3,(anonymous_0)
FNDA:3,(anonymous_1)
DA:8,1
DA:15,3
DA:24,3
DA:26,3
DA:27,1
DA:28,1
DA:29,1
DA:33,2
DA:34,2
DA:37,2
DA:42,2
DA:52,1
LF:12
LH:12
BRDA:26,0,0,1
BRDA:26,0,1,2
BRDA:45,1,0,1
BRDA:45,1,1,1
BRF:4
BRH:4
end_of_record
TN:
SF:src\domain\exceptions.js
FN:12,(anonymous_0)
FN:25,(anonymous_1)
FN:37,(anonymous_2)
FN:48,(anonymous_3)
FN:59,(anonymous_4)
FN:70,(anonymous_5)
FN:81,(anonymous_6)
FNF:7
FNH:7
FNDA:9,(anonymous_0)
FNDA:8,(anonymous_1)
FNDA:8,(anonymous_2)
FNDA:8,(anonymous_3)
FNDA:10,(anonymous_4)
FNDA:5,(anonymous_5)
FNDA:4,(anonymous_6)
DA:13,9
DA:14,9
DA:15,9
DA:26,8
DA:27,8
DA:28,8
DA:38,8
DA:39,8
DA:40,8
DA:49,8
DA:50,8
DA:51,8
DA:60,10
DA:61,10
DA:62,10
DA:71,5
DA:72,5
DA:73,5
DA:82,4
DA:83,4
DA:84,4
DA:88,10
LF:22
LH:22
BRDA:12,0,0,7
BRDA:25,1,0,7
BRDA:37,2,0,7
BRDA:48,3,0,7
BRDA:59,4,0,6
BRDA:70,5,0,0
BRDA:81,6,0,0
BRF:7
BRH:5
end_of_record
TN:
SF:src\domain\entities\Categoria.js
FN:30,(anonymous_0)
FN:41,(anonymous_1)
FN:43,(anonymous_2)
FNF:3
FNH:3
FNDA:27,(anonymous_0)
FNDA:22,(anonymous_1)
FNDA:95,(anonymous_2)
DA:12,2
DA:31,27
DA:32,27
DA:33,27
DA:34,27
DA:42,22
DA:43,22
DA:44,95
DA:49,2
LF:9
LH:9
BRDA:31,0,0,27
BRDA:31,0,1,27
BRDA:33,1,0,27
BRDA:33,1,1,10
BRDA:34,2,0,1
BRDA:34,2,1,26
BRF:6
BRH:6
end_of_record
TN:
SF:src\domain\entities\Evaluacion.js
FN:21,(anonymous_0)
FN:36,(anonymous_1)
FN:52,(anonymous_2)
FNF:3
FNH:3
FNDA:30,(anonymous_0)
FNDA:30,(anonymous_1)
FNDA:8,(anonymous_2)
DA:8,6
DA:9,6
DA:22,30
DA:23,30
DA:24,30
DA:25,30
DA:26,30
DA:27,30
DA:29,30
DA:37,30
DA:42,12
DA:53,8
DA:57,6
LF:13
LH:13
BRDA:22,0,0,30
BRDA:22,0,1,19
BRDA:27,1,0,30
BRDA:27,1,1,14
BRDA:37,2,0,12
BRDA:37,2,1,18
BRDA:38,3,0,30
BRDA:38,3,1,26
BRDA:38,3,2,21
BRF:9
BRH:9
end_of_record
TN:
SF:src\domain\entities\Solicitud.js
FN:51,(anonymous_0)
FN:68,(anonymous_1)
FN:73,(anonymous_2)
FN:78,(anonymous_3)
FN:89,(anonymous_4)
FN:99,(anonymous_5)
FN:111,(anonymous_6)
FN:125,(anonymous_7)
FN:134,(anonymous_8)
FNF:9
FNH:9
FNDA:62,(anonymous_0)
FNDA:25,(anonymous_1)
FNDA:5,(anonymous_2)
FNDA:6,(anonymous_3)
FNDA:36,(anonymous_4)
FNDA:11,(anonymous_5)
FNDA:5,(anonymous_6)
FNDA:10,(anonymous_7)
FNDA:10,(anonymous_8)
DA:14,14
DA:26,14
DA:52,62
DA:53,62
DA:54,62
DA:55,62
DA:56,62
DA:57,62
DA:58,62
DA:59,62
DA:60,62
DA:61,62
DA:62,62
DA:63,62
DA:64,62
DA:69,25
DA:74,5
DA:79,6
DA:90,36
DA:91,36
DA:100,11
DA:101,3
DA:103,8
DA:112,5
DA:113,3
DA:115,2
DA:116,2
DA:126,10
DA:135,10
DA:142,14
LF:30
LH:30
BRDA:52,0,0,62
BRDA:52,0,1,32
BRDA:57,1,0,62
BRDA:57,1,1,62
BRDA:58,2,0,62
BRDA:58,2,1,15
BRDA:63,3,0,62
BRDA:63,3,1,62
BRDA:64,4,0,62
BRDA:64,4,1,62
BRDA:80,5,0,6
BRDA:80,5,1,4
BRDA:100,6,0,3
BRDA:100,6,1,8
BRDA:112,7,0,3
BRDA:112,7,1,2
BRDA:126,8,0,10
BRDA:126,8,1,7
BRDA:136,9,0,10
BRDA:136,9,1,7
BRDA:136,9,2,4
BRF:21
BRH:21
end_of_record
TN:
SF:src\domain\entities\User.js
FN:49,(anonymous_0)
FN:65,(anonymous_1)
FN:70,(anonymous_2)
FN:75,(anonymous_3)
FN:85,(anonymous_4)
FN:90,(anonymous_5)
FN:99,(anonymous_6)
FNF:7
FNH:7
FNDA:62,(anonymous_0)
FNDA:3,(anonymous_1)
FNDA:6,(anonymous_2)
FNDA:9,(anonymous_3)
FNDA:7,(anonymous_4)
FNDA:6,(anonymous_5)
FNDA:14,(anonymous_6)
DA:13,15
DA:25,15
DA:31,15
DA:50,62
DA:51,62
DA:52,62
DA:53,62
DA:54,62
DA:55,62
DA:56,62
DA:57,62
DA:58,62
DA:59,62
DA:60,62
DA:61,62
DA:66,3
DA:71,6
DA:76,9
DA:86,7
DA:91,6
DA:100,14
DA:101,14
DA:102,5
DA:104,14
DA:108,15
LF:25
LH:25
BRDA:50,0,0,62
BRDA:50,0,1,26
BRDA:56,1,0,62
BRDA:56,1,1,60
BRDA:58,2,0,62
BRDA:58,2,1,60
BRDA:59,3,0,62
BRDA:59,3,1,60
BRDA:60,4,0,62
BRDA:60,4,1,55
BRDA:61,5,0,62
BRDA:61,5,1,55
BRDA:77,6,0,9
BRDA:77,6,1,5
BRDA:77,6,2,3
BRDA:77,6,3,6
BRDA:86,7,0,7
BRDA:86,7,1,4
BRDA:101,8,0,5
BRDA:101,8,1,9
BRF:20
BRH:20
end_of_record
TN:
SF:src\domain\repositories\CategoriaRepository.js
FN:14,(anonymous_0)
FN:23,(anonymous_1)
FN:32,(anonymous_2)
FNF:3
FNH:0
FNDA:0,(anonymous_0)
FNDA:0,(anonymous_1)
FNDA:0,(anonymous_2)
DA:15,0
DA:24,0
DA:33,0
DA:37,3
LF:4
LH:1
BRF:0
BRH:0
end_of_record
TN:
SF:src\domain\repositories\EvaluacionRepository.js
FN:15,(anonymous_0)
FN:24,(anonymous_1)
FN:33,(anonymous_2)
FN:43,(anonymous_3)
FNF:4
FNH:0
FNDA:0,(anonymous_0)
FNDA:0,(anonymous_1)
FNDA:0,(anonymous_2)
FNDA:0,(anonymous_3)
DA:16,0
DA:25,0
DA:34,0
DA:44,0
DA:48,3
LF:5
LH:1
BRF:0
BRH:0
end_of_record
TN:
SF:src\domain\repositories\RefreshTokenRepository.js
FN:20,(anonymous_0)
FN:29,(anonymous_1)
FN:38,(anonymous_2)
FN:47,(anonymous_3)
FNF:4
FNH:0
FNDA:0,(anonymous_0)
FNDA:0,(anonymous_1)
FNDA:0,(anonymous_2)
FNDA:0,(anonymous_3)
DA:21,0
DA:30,0
DA:39,0
DA:48,0
DA:52,3
LF:5
LH:1
BRF:0
BRH:0
end_of_record
TN:
SF:src\domain\repositories\SolicitudRepository.js
FN:18,(anonymous_0)
FN:28,(anonymous_1)
FN:37,(anonymous_2)
FN:46,(anonymous_3)
FN:56,(anonymous_4)
FN:65,(anonymous_5)
FN:75,(anonymous_6)
FN:84,(anonymous_7)
FN:93,(anonymous_8)
FNF:9
FNH:0
FNDA:0,(anonymous_0)
FNDA:0,(anonymous_1)
FNDA:0,(anonymous_2)
FNDA:0,(anonymous_3)
FNDA:0,(anonymous_4)
FNDA:0,(anonymous_5)
FNDA:0,(anonymous_6)
FNDA:0,(anonymous_7)
FNDA:0,(anonymous_8)
DA:19,0
DA:29,0
DA:38,0
DA:47,0
DA:57,0
DA:66,0
DA:76,0
DA:85,0
DA:94,0
DA:98,3
LF:10
LH:1
BRF:0
BRH:0
end_of_record
TN:
SF:src\domain\repositories\UserRepository.js
FN:19,(anonymous_0)
FN:28,(anonymous_1)
FN:37,(anonymous_2)
FN:46,(anonymous_3)
FN:56,(anonymous_4)
FN:65,(anonymous_5)
FNF:6
FNH:0
FNDA:0,(anonymous_0)
FNDA:0,(anonymous_1)
FNDA:0,(anonymous_2)
FNDA:0,(anonymous_3)
FNDA:0,(anonymous_4)
FNDA:0,(anonymous_5)
DA:20,0
DA:29,0
DA:38,0
DA:47,0
DA:57,0
DA:66,0
DA:70,3
LF:7
LH:1
BRF:0
BRH:0
end_of_record
TN:
SF:src\domain\services\SolicitudValidationService.js
FN:42,(anonymous_0)
FN:83,(anonymous_1)
FN:108,(anonymous_2)
FN:132,(anonymous_3)
FN:150,(anonymous_4)
FNF:5
FNH:5
FNDA:32,(anonymous_0)
FNDA:11,(anonymous_1)
FNDA:19,(anonymous_2)
FNDA:5,(anonymous_3)
FNDA:13,(anonymous_4)
DA:12,11
DA:13,11
DA:18,11
DA:23,11
DA:28,11
DA:33,11
DA:43,32
DA:44,4
DA:47,28
DA:48,28
DA:49,2
DA:52,26
DA:53,26
DA:55,26
DA:63,1
DA:66,25
DA:67,11
DA:73,14
DA:84,11
DA:86,11
DA:87,11
DA:88,11
DA:90,11
DA:91,11
DA:93,11
DA:94,3
DA:100,8
DA:109,19
DA:110,19
DA:112,19
DA:113,19
DA:115,19
DA:116,7
DA:122,12
DA:133,5
DA:135,5
DA:136,5
DA:137,5
DA:139,5
DA:140,5
DA:142,5
DA:151,13
DA:153,13
DA:154,13
DA:156,13
DA:157,13
DA:159,13
DA:160,6
DA:164,6
DA:165,0
DA:168,13
DA:172,11
LF:52
LH:51
BRDA:43,0,0,4
BRDA:43,0,1,28
BRDA:43,1,0,32
BRDA:43,1,1,28
BRDA:48,2,0,2
BRDA:48,2,1,26
BRDA:55,3,0,1
BRDA:55,3,1,25
BRDA:56,4,0,26
BRDA:56,4,1,25
BRDA:56,4,2,25
BRDA:56,4,3,25
BRDA:56,4,4,25
BRDA:56,4,5,25
BRDA:66,5,0,11
BRDA:66,5,1,14
BRDA:66,6,0,25
BRDA:66,6,1,21
BRDA:93,7,0,3
BRDA:93,7,1,8
BRDA:115,8,0,7
BRDA:115,8,1,12
BRDA:154,9,0,5
BRDA:154,9,1,8
BRDA:157,10,0,4
BRDA:157,10,1,9
BRDA:159,11,0,6
BRDA:159,11,1,7
BRDA:164,12,0,0
BRDA:164,12,1,6
BRF:30
BRH:29
end_of_record
TN:
SF:src\domain\services\UserValidationService.js
FN:24,(anonymous_0)
FN:30,(anonymous_1)
FN:51,(anonymous_2)
FN:90,(anonymous_3)
FN:112,(anonymous_4)
FN:135,(anonymous_5)
FN:152,(anonymous_6)
FN:155,(anonymous_7)
FNF:8
FNH:8
FNDA:21,(anonymous_0)
FNDA:27,(anonymous_1)
FNDA:21,(anonymous_2)
FNDA:19,(anonymous_3)
FNDA:19,(anonymous_4)
FNDA:22,(anonymous_5)
FNDA:9,(anonymous_6)
FNDA:10,(anonymous_7)
DA:8,10
DA:14,10
DA:25,21
DA:26,5
DA:29,16
DA:30,16
DA:31,27
DA:34,16
DA:35,4
DA:41,12
DA:52,21
DA:53,4
DA:57,17
DA:59,17
DA:60,1
DA:63,16
DA:64,16
DA:67,16
DA:68,2
DA:73,14
DA:75,14
DA:76,2
DA:82,12
DA:91,19
DA:92,19
DA:94,19
DA:95,152
DA:96,152
DA:99,19
DA:101,19
DA:102,19
DA:103,19
DA:113,19
DA:114,3
DA:117,16
DA:118,16
DA:120,16
DA:121,4
DA:127,12
DA:136,22
DA:137,22
DA:139,3
DA:140,3
DA:141,3
DA:153,9
DA:154,6
DA:155,10
DA:156,6
DA:160,10
LF:49
LH:49
BRDA:25,0,0,5
BRDA:25,0,1,16
BRDA:25,1,0,21
BRDA:25,1,1,17
BRDA:34,2,0,4
BRDA:34,2,1,12
BRDA:52,3,0,4
BRDA:52,3,1,17
BRDA:52,4,0,21
BRDA:52,4,1,17
BRDA:59,5,0,1
BRDA:59,5,1,16
BRDA:67,6,0,2
BRDA:67,6,1,14
BRDA:75,7,0,2
BRDA:75,7,1,12
BRDA:96,8,0,19
BRDA:96,8,1,133
BRDA:101,9,0,0
BRDA:101,9,1,19
BRDA:102,10,0,0
BRDA:102,10,1,19
BRDA:113,11,0,3
BRDA:113,11,1,16
BRDA:113,12,0,19
BRDA:113,12,1,16
BRDA:120,13,0,4
BRDA:120,13,1,12
BRDA:137,14,0,19
BRDA:137,14,1,3
BRDA:153,15,0,3
BRDA:153,15,1,6
BRDA:156,16,0,4
BRDA:156,16,1,2
BRF:34
BRH:32
end_of_record
