TN:
SF:src\application\use-cases\categoria\GetCategoriasUseCase.js
FN:11,(anonymous_0)
FN:19,(anonymous_1)
FNF:2
FNH:2
FNDA:1,(anonymous_0)
FNDA:1,(anonymous_1)
DA:12,1
DA:20,1
DA:24,1
LF:3
LH:3
BRF:0
BRH:0
end_of_record
TN:
SF:src\application\use-cases\evaluacion\CreateEvaluacionUseCase.js
FN:15,(anonymous_0)
FN:29,(anonymous_1)
FNF:2
FNH:2
FNDA:7,(anonymous_0)
FNDA:7,(anonymous_1)
DA:7,1
DA:8,1
DA:16,7
DA:17,7
DA:31,7
DA:35,7
DA:36,1
DA:37,1
DA:38,1
DA:41,6
DA:45,1
DA:48,1
DA:49,1
DA:53,5
DA:54,5
DA:56,5
DA:57,1
DA:60,1
DA:61,1
DA:65,4
DA:70,4
DA:79,3
DA:80,0
DA:81,0
DA:82,0
DA:87,3
DA:92,3
DA:93,1
DA:94,1
DA:95,1
DA:99,2
DA:107,2
DA:111,1
LF:33
LH:30
BRDA:35,0,0,1
BRDA:35,0,1,6
BRDA:41,1,0,1
BRDA:41,1,1,5
BRDA:42,2,0,6
BRDA:42,2,1,1
BRDA:56,3,0,1
BRDA:56,3,1,4
BRDA:56,4,0,5
BRDA:56,4,1,2
BRDA:65,5,0,3
BRDA:65,5,1,1
BRDA:79,6,0,0
BRDA:79,6,1,3
BRDA:92,7,0,1
BRDA:92,7,1,2
BRDA:104,8,0,2
BRDA:104,8,1,0
BRF:18
BRH:16
end_of_record
TN:
SF:src\application\use-cases\evaluacion\GetEvaluacionesUseCase.js
FN:10,(anonymous_0)
FN:19,(anonymous_1)
FNF:2
FNH:2
FNDA:1,(anonymous_0)
FNDA:1,(anonymous_1)
DA:11,1
DA:20,1
DA:24,1
LF:3
LH:3
BRF:0
BRH:0
end_of_record
TN:
SF:src\application\use-cases\solicitud\AcceptSolicitudUseCase.js
FN:21,(anonymous_0)
FN:34,(anonymous_1)
FN:76,(anonymous_2)
FNF:3
FNH:3
FNDA:11,(anonymous_0)
FNDA:11,(anonymous_1)
FNDA:4,(anonymous_2)
DA:10,2
DA:13,2
DA:22,11
DA:23,11
DA:24,11
DA:36,11
DA:38,11
DA:39,1
DA:40,1
DA:41,1
DA:44,10
DA:45,2
DA:48,2
DA:49,2
DA:52,8
DA:53,2
DA:56,2
DA:57,2
DA:62,6
DA:64,6
DA:65,2
DA:68,2
DA:69,2
DA:74,4
DA:75,4
DA:78,4
DA:83,4
DA:84,1
DA:85,1
DA:86,1
DA:89,3
DA:90,1
DA:91,1
DA:92,1
DA:96,2
DA:97,0
DA:98,0
DA:99,0
DA:103,2
DA:107,2
DA:108,0
DA:111,0
DA:112,0
DA:116,2
DA:145,2
DA:150,2
DA:153,2
DA:156,0
DA:157,0
DA:160,0
DA:161,0
DA:164,0
DA:169,2
LF:53
LH:42
BRDA:38,0,0,1
BRDA:38,0,1,10
BRDA:44,1,0,2
BRDA:44,1,1,8
BRDA:52,2,0,2
BRDA:52,2,1,6
BRDA:64,3,0,2
BRDA:64,3,1,4
BRDA:83,4,0,1
BRDA:83,4,1,3
BRDA:89,5,0,1
BRDA:89,5,1,2
BRDA:96,6,0,0
BRDA:96,6,1,2
BRDA:107,7,0,0
BRDA:107,7,1,2
BRDA:153,8,0,2
BRDA:153,8,1,0
BRDA:156,9,0,0
BRDA:156,9,1,0
BRF:20
BRH:15
end_of_record
TN:
SF:src\application\use-cases\solicitud\AutoApproveSolicitudesUseCase.js
FN:14,(anonymous_0)
FN:23,(anonymous_1)
FNF:2
FNH:2
FNDA:2,(anonymous_0)
FNDA:2,(anonymous_1)
DA:8,1
DA:15,2
DA:26,2
DA:28,2
DA:30,2
DA:31,2
DA:34,2
DA:37,2
DA:45,1
LF:9
LH:9
BRF:0
BRH:0
end_of_record
TN:
SF:src\application\use-cases\solicitud\CancelAcceptedSolicitudUseCase.js
FN:20,(anonymous_0)
FN:32,(anonymous_1)
FNF:2
FNH:2
FNDA:6,(anonymous_0)
FNDA:6,(anonymous_1)
DA:9,1
DA:10,1
DA:13,1
DA:21,6
DA:22,6
DA:34,6
DA:36,6
DA:37,1
DA:38,1
DA:39,1
DA:42,5
DA:43,1
DA:46,1
DA:47,1
DA:51,4
DA:52,1
DA:55,1
DA:56,1
DA:61,3
DA:67,3
DA:73,3
DA:75,3
DA:76,2
DA:77,2
DA:78,2
DA:80,2
DA:85,2
DA:96,3
DA:107,1
LF:29
LH:29
BRDA:36,0,0,1
BRDA:36,0,1,5
BRDA:42,1,0,1
BRDA:42,1,1,4
BRDA:51,2,0,1
BRDA:51,2,1,3
BRDA:75,3,0,2
BRDA:75,3,1,1
BRDA:90,4,0,1
BRDA:90,4,1,1
BRDA:98,5,0,3
BRDA:98,5,1,1
BRF:12
BRH:12
end_of_record
TN:
SF:src\application\use-cases\solicitud\CancelSolicitudUseCase.js
FN:13,(anonymous_0)
FN:24,(anonymous_1)
FNF:2
FNH:2
FNDA:3,(anonymous_0)
FNDA:3,(anonymous_1)
DA:7,1
DA:14,3
DA:25,3
DA:27,3
DA:28,1
DA:29,1
DA:30,1
DA:33,2
DA:35,2
DA:36,1
DA:39,1
DA:40,1
DA:44,1
DA:46,1
DA:51,1
DA:55,1
LF:16
LH:16
BRDA:27,0,0,1
BRDA:27,0,1,2
BRDA:35,1,0,1
BRDA:35,1,1,1
BRF:4
BRH:4
end_of_record
TN:
SF:src\application\use-cases\solicitud\CompleteSolicitudUseCase.js
FN:13,(anonymous_0)
FN:24,(anonymous_1)
FNF:2
FNH:2
FNDA:4,(anonymous_0)
FNDA:4,(anonymous_1)
DA:7,1
DA:14,4
DA:25,4
DA:27,4
DA:28,1
DA:29,1
DA:30,1
DA:33,3
DA:34,1
DA:37,1
DA:38,1
DA:41,2
DA:42,1
DA:45,1
DA:46,1
DA:49,1
DA:53,1
DA:57,1
LF:18
LH:18
BRDA:27,0,0,1
BRDA:27,0,1,3
BRDA:33,1,0,1
BRDA:33,1,1,2
BRDA:41,2,0,1
BRDA:41,2,1,1
BRF:6
BRH:6
end_of_record
TN:
SF:src\application\use-cases\solicitud\ConfirmSolicitudUseCase.js
FN:14,(anonymous_0)
FN:25,(anonymous_1)
FNF:2
FNH:2
FNDA:4,(anonymous_0)
FNDA:4,(anonymous_1)
DA:8,1
DA:15,4
DA:26,4
DA:28,4
DA:29,1
DA:30,1
DA:31,1
DA:34,3
DA:35,1
DA:38,1
DA:39,1
DA:42,2
DA:43,1
DA:46,1
DA:47,1
DA:50,1
DA:54,1
DA:58,1
LF:18
LH:18
BRDA:28,0,0,1
BRDA:28,0,1,3
BRDA:34,1,0,1
BRDA:34,1,1,2
BRDA:42,2,0,1
BRDA:42,2,1,1
BRF:6
BRH:6
end_of_record
TN:
SF:src\application\use-cases\solicitud\CreateSolicitudUseCase.js
FN:24,(anonymous_0)
FN:45,(anonymous_1)
FNF:2
FNH:2
FNDA:15,(anonymous_0)
FNDA:15,(anonymous_1)
DA:10,2
DA:13,2
DA:16,2
DA:25,15
DA:26,15
DA:27,15
DA:47,15
DA:48,15
DA:49,2
DA:50,2
DA:51,2
DA:54,13
DA:56,13
DA:59,2
DA:62,2
DA:63,2
DA:66,11
DA:67,2
DA:70,2
DA:71,2
DA:75,9
DA:78,9
DA:79,2
DA:80,2
DA:81,2
DA:83,7
DA:84,1
DA:85,1
DA:86,1
DA:90,6
DA:95,6
DA:96,3
DA:97,3
DA:98,3
DA:102,3
DA:103,3
DA:104,1
DA:105,1
DA:106,1
DA:110,2
DA:127,2
DA:128,2
DA:132,2
LF:43
LH:43
BRDA:48,0,0,2
BRDA:48,0,1,13
BRDA:56,1,0,2
BRDA:56,1,1,11
BRDA:66,2,0,2
BRDA:66,2,1,9
BRDA:78,3,0,2
BRDA:78,3,1,7
BRDA:83,4,0,1
BRDA:83,4,1,6
BRDA:95,5,0,3
BRDA:95,5,1,3
BRDA:103,6,0,1
BRDA:103,6,1,2
BRDA:119,7,0,0
BRDA:119,7,1,2
BRDA:122,8,0,0
BRDA:122,8,1,2
BRF:18
BRH:16
end_of_record
TN:
SF:src\application\use-cases\solicitud\GetMisSolicitudesUseCase.js
FN:10,(anonymous_0)
FN:22,(anonymous_1)
FNF:2
FNH:2
FNDA:3,(anonymous_0)
FNDA:3,(anonymous_1)
DA:11,3
DA:23,3
DA:24,1
DA:27,2
DA:28,1
DA:31,1
DA:32,1
DA:33,1
DA:37,1
LF:9
LH:9
BRDA:23,0,0,1
BRDA:23,0,1,2
BRDA:27,1,0,1
BRDA:27,1,1,1
BRF:4
BRH:4
end_of_record
TN:
SF:src\application\use-cases\solicitud\GetSolicitudDetailUseCase.js
FN:12,(anonymous_0)
FN:23,(anonymous_1)
FNF:2
FNH:2
FNDA:4,(anonymous_0)
FNDA:4,(anonymous_1)
DA:13,4
DA:24,4
DA:26,4
DA:27,1
DA:28,1
DA:29,1
DA:33,3
DA:34,3
DA:35,3
DA:38,3
DA:40,3
DA:42,3
DA:43,1
DA:44,1
DA:45,0
DA:51,3
DA:56,1
DA:57,1
DA:60,3
DA:64,1
LF:20
LH:19
BRDA:26,0,0,1
BRDA:26,0,1,3
BRDA:38,1,0,3
BRDA:38,1,1,2
BRDA:38,1,2,1
BRDA:42,2,0,1
BRDA:42,2,1,2
BRDA:44,3,0,0
BRDA:44,3,1,1
BRDA:51,4,0,1
BRDA:51,4,1,2
BRDA:51,5,0,3
BRDA:51,5,1,3
BRF:13
BRH:12
end_of_record
TN:
SF:src\application\use-cases\solicitud\GetSolicitudesUseCase.js
FN:12,(anonymous_0)
FN:23,(anonymous_1)
FN:27,(anonymous_2)
FNF:3
FNH:3
FNDA:1,(anonymous_0)
FNDA:1,(anonymous_1)
FNDA:1,(anonymous_2)
DA:13,1
DA:24,1
DA:27,1
DA:28,1
DA:31,1
DA:32,1
DA:35,1
DA:40,1
DA:41,1
DA:44,1
DA:47,1
DA:51,1
LF:12
LH:12
BRDA:35,0,0,1
BRDA:35,0,1,0
BRF:2
BRH:1
end_of_record
TN:
SF:src\application\use-cases\solicitud\UpdateSolicitudUseCase.js
FN:17,(anonymous_0)
FN:30,(anonymous_1)
FN:91,(anonymous_2)
FNF:3
FNH:3
FNDA:5,(anonymous_0)
FNDA:5,(anonymous_1)
FNDA:1,(anonymous_2)
DA:7,1
DA:10,1
DA:18,5
DA:19,5
DA:31,5
DA:33,5
DA:34,1
DA:35,1
DA:36,1
DA:40,4
DA:42,4
DA:43,1
DA:46,1
DA:47,1
DA:51,3
DA:52,1
DA:55,1
DA:56,1
DA:57,1
DA:58,1
DA:63,2
DA:64,1
DA:67,1
DA:69,1
DA:74,1
DA:75,1
DA:76,1
DA:77,1
DA:82,1
DA:84,1
DA:88,1
DA:92,1
DA:93,1
DA:94,1
DA:95,1
DA:96,1
DA:97,1
DA:98,1
DA:99,1
DA:100,1
DA:104,1
LF:41
LH:41
BRDA:33,0,0,1
BRDA:33,0,1,4
BRDA:42,1,0,1
BRDA:42,1,1,3
BRDA:51,2,0,1
BRDA:51,2,1,2
BRDA:55,3,0,1
BRDA:55,3,1,0
BRDA:55,4,0,1
BRDA:55,4,1,0
BRDA:63,5,0,1
BRDA:63,5,1,1
BRDA:63,6,0,2
BRDA:63,6,1,1
BRDA:64,7,0,1
BRDA:64,7,1,0
BRDA:67,8,0,1
BRDA:67,8,1,1
BRDA:74,9,0,1
BRDA:74,9,1,0
BRDA:93,10,0,1
BRDA:93,10,1,0
BRDA:94,11,0,0
BRDA:94,11,1,1
BRDA:95,12,0,0
BRDA:95,12,1,1
BRDA:96,13,0,0
BRDA:96,13,1,1
BRDA:97,14,0,0
BRDA:97,14,1,1
BRDA:98,15,0,0
BRDA:98,15,1,1
BRDA:99,16,0,0
BRDA:99,16,1,1
BRF:34
BRH:23
end_of_record
TN:
SF:src\application\use-cases\user\GetUserProfileUseCase.js
FN:10,(anonymous_0)
FN:20,(anonymous_1)
FNF:2
FNH:2
FNDA:2,(anonymous_0)
FNDA:3,(anonymous_1)
DA:11,2
DA:21,3
DA:23,3
DA:24,2
DA:25,2
DA:26,2
DA:29,1
DA:30,1
DA:34,1
LF:9
LH:9
BRDA:23,0,0,2
BRDA:23,0,1,1
BRF:2
BRH:2
end_of_record
TN:
SF:src\application\use-cases\user\LoginUserUseCase.js
FN:14,(anonymous_0)
FN:29,(anonymous_1)
FNF:2
FNH:2
FNDA:10,(anonymous_0)
FNDA:10,(anonymous_1)
DA:15,10
DA:16,10
DA:17,10
DA:18,10
DA:31,10
DA:35,10
DA:36,2
DA:37,2
DA:38,2
DA:42,8
DA:47,8
DA:48,2
DA:49,2
DA:50,2
DA:54,6
DA:55,2
DA:58,2
DA:59,2
DA:63,4
DA:68,4
DA:69,4
DA:72,4
DA:73,4
DA:75,4
DA:82,4
DA:84,4
DA:92,2
LF:27
LH:27
BRDA:35,0,0,2
BRDA:35,0,1,8
BRDA:47,1,0,2
BRDA:47,1,1,6
BRDA:54,2,0,2
BRDA:54,2,1,4
BRF:6
BRH:6
end_of_record
TN:
SF:src\application\use-cases\user\RegisterElderlyUseCase.js
FN:24,(anonymous_0)
FN:43,(anonymous_1)
FNF:2
FNH:2
FNDA:6,(anonymous_0)
FNDA:6,(anonymous_1)
DA:7,1
DA:10,1
DA:13,1
DA:25,6
DA:26,6
DA:45,6
DA:46,1
DA:49,1
DA:50,1
DA:54,5
DA:55,5
DA:56,5
DA:57,1
DA:58,1
DA:59,1
DA:63,4
DA:64,4
DA:67,4
DA:68,1
DA:69,1
DA:70,1
DA:75,3
DA:78,3
DA:79,1
DA:80,1
DA:81,1
DA:85,2
DA:86,2
DA:87,1
DA:88,1
DA:89,1
DA:93,1
DA:96,1
DA:108,1
DA:110,1
DA:111,1
DA:115,1
LF:37
LH:37
BRDA:45,0,0,1
BRDA:45,0,1,5
BRDA:56,1,0,1
BRDA:56,1,1,4
BRDA:63,2,0,4
BRDA:63,2,1,0
BRDA:67,3,0,1
BRDA:67,3,1,3
BRDA:78,4,0,1
BRDA:78,4,1,2
BRDA:86,5,0,1
BRDA:86,5,1,1
BRDA:102,6,0,1
BRDA:102,6,1,0
BRDA:104,7,0,1
BRDA:104,7,1,0
BRDA:105,8,0,1
BRDA:105,8,1,0
BRF:18
BRH:14
end_of_record
TN:
SF:src\application\use-cases\user\RegisterStudentUseCase.js
FN:18,(anonymous_0)
FN:35,(anonymous_1)
FNF:2
FNH:2
FNDA:7,(anonymous_0)
FNDA:7,(anonymous_1)
DA:8,2
DA:11,2
DA:19,7
DA:20,7
DA:37,7
DA:40,7
DA:41,1
DA:42,1
DA:43,1
DA:47,6
DA:48,6
DA:49,6
DA:50,1
DA:51,1
DA:52,1
DA:56,5
DA:59,5
DA:60,1
DA:61,1
DA:62,1
DA:66,4
DA:67,4
DA:68,1
DA:69,1
DA:70,1
DA:74,3
DA:77,3
DA:87,3
DA:90,3
DA:91,3
DA:95,2
LF:31
LH:31
BRDA:40,0,0,1
BRDA:40,0,1,6
BRDA:49,1,0,1
BRDA:49,1,1,5
BRDA:59,2,0,1
BRDA:59,2,1,4
BRDA:67,3,0,1
BRDA:67,3,1,3
BRDA:83,4,0,3
BRDA:83,4,1,2
BRF:10
BRH:10
end_of_record
TN:
SF:src\application\use-cases\user\SuspendUserUseCase.js
FN:14,(anonymous_0)
FN:23,(anonymous_1)
FNF:2
FNH:2
FNDA:3,(anonymous_0)
FNDA:3,(anonymous_1)
DA:8,1
DA:15,3
DA:24,3
DA:26,3
DA:27,1
DA:28,1
DA:29,1
DA:33,2
DA:34,2
DA:37,2
DA:42,2
DA:52,1
LF:12
LH:12
BRDA:26,0,0,1
BRDA:26,0,1,2
BRDA:45,1,0,1
BRDA:45,1,1,1
BRF:4
BRH:4
end_of_record
TN:
SF:src\domain\exceptions.js
FN:12,(anonymous_0)
FN:25,(anonymous_1)
FN:37,(anonymous_2)
FN:48,(anonymous_3)
FN:59,(anonymous_4)
FNF:5
FNH:5
FNDA:9,(anonymous_0)
FNDA:8,(anonymous_1)
FNDA:8,(anonymous_2)
FNDA:8,(anonymous_3)
FNDA:8,(anonymous_4)
DA:13,9
DA:14,9
DA:15,9
DA:26,8
DA:27,8
DA:28,8
DA:38,8
DA:39,8
DA:40,8
DA:49,8
DA:50,8
DA:51,8
DA:60,8
DA:61,8
DA:62,8
DA:66,2
LF:16
LH:16
BRDA:12,0,0,7
BRDA:25,1,0,7
BRDA:37,2,0,7
BRDA:48,3,0,7
BRDA:59,4,0,6
BRF:5
BRH:5
end_of_record
TN:
SF:src\domain\entities\Categoria.js
FN:30,(anonymous_0)
FN:41,(anonymous_1)
FN:43,(anonymous_2)
FNF:3
FNH:3
FNDA:27,(anonymous_0)
FNDA:22,(anonymous_1)
FNDA:95,(anonymous_2)
DA:12,2
DA:31,27
DA:32,27
DA:33,27
DA:34,27
DA:42,22
DA:43,22
DA:44,95
DA:49,2
LF:9
LH:9
BRDA:31,0,0,27
BRDA:31,0,1,27
BRDA:33,1,0,27
BRDA:33,1,1,10
BRDA:34,2,0,1
BRDA:34,2,1,26
BRF:6
BRH:6
end_of_record
TN:
SF:src\domain\entities\Evaluacion.js
FN:21,(anonymous_0)
FN:36,(anonymous_1)
FN:52,(anonymous_2)
FNF:3
FNH:3
FNDA:29,(anonymous_0)
FNDA:29,(anonymous_1)
FNDA:7,(anonymous_2)
DA:8,3
DA:9,3
DA:22,29
DA:23,29
DA:24,29
DA:25,29
DA:26,29
DA:27,29
DA:29,29
DA:37,29
DA:42,12
DA:53,7
DA:57,3
LF:13
LH:13
BRDA:22,0,0,29
BRDA:22,0,1,18
BRDA:27,1,0,29
BRDA:27,1,1,14
BRDA:37,2,0,12
BRDA:37,2,1,17
BRDA:38,3,0,29
BRDA:38,3,1,25
BRDA:38,3,2,20
BRF:9
BRH:9
end_of_record
TN:
SF:src\domain\entities\Solicitud.js
FN:51,(anonymous_0)
FN:68,(anonymous_1)
FN:73,(anonymous_2)
FN:78,(anonymous_3)
FN:89,(anonymous_4)
FN:99,(anonymous_5)
FN:111,(anonymous_6)
FN:125,(anonymous_7)
FN:134,(anonymous_8)
FNF:9
FNH:9
FNDA:62,(anonymous_0)
FNDA:25,(anonymous_1)
FNDA:5,(anonymous_2)
FNDA:6,(anonymous_3)
FNDA:36,(anonymous_4)
FNDA:11,(anonymous_5)
FNDA:5,(anonymous_6)
FNDA:10,(anonymous_7)
FNDA:10,(anonymous_8)
DA:14,11
DA:26,11
DA:52,62
DA:53,62
DA:54,62
DA:55,62
DA:56,62
DA:57,62
DA:58,62
DA:59,62
DA:60,62
DA:61,62
DA:62,62
DA:63,62
DA:64,62
DA:69,25
DA:74,5
DA:79,6
DA:90,36
DA:91,36
DA:100,11
DA:101,3
DA:103,8
DA:112,5
DA:113,3
DA:115,2
DA:116,2
DA:126,10
DA:135,10
DA:142,11
LF:30
LH:30
BRDA:52,0,0,62
BRDA:52,0,1,32
BRDA:57,1,0,62
BRDA:57,1,1,62
BRDA:58,2,0,62
BRDA:58,2,1,15
BRDA:63,3,0,62
BRDA:63,3,1,62
BRDA:64,4,0,62
BRDA:64,4,1,62
BRDA:80,5,0,6
BRDA:80,5,1,4
BRDA:100,6,0,3
BRDA:100,6,1,8
BRDA:112,7,0,3
BRDA:112,7,1,2
BRDA:126,8,0,10
BRDA:126,8,1,7
BRDA:136,9,0,10
BRDA:136,9,1,7
BRDA:136,9,2,4
BRF:21
BRH:21
end_of_record
TN:
SF:src\domain\entities\User.js
FN:49,(anonymous_0)
FN:65,(anonymous_1)
FN:70,(anonymous_2)
FN:75,(anonymous_3)
FN:85,(anonymous_4)
FN:90,(anonymous_5)
FN:99,(anonymous_6)
FNF:7
FNH:7
FNDA:60,(anonymous_0)
FNDA:3,(anonymous_1)
FNDA:6,(anonymous_2)
FNDA:9,(anonymous_3)
FNDA:7,(anonymous_4)
FNDA:6,(anonymous_5)
FNDA:14,(anonymous_6)
DA:13,12
DA:25,12
DA:31,12
DA:50,60
DA:51,60
DA:52,60
DA:53,60
DA:54,60
DA:55,60
DA:56,60
DA:57,60
DA:58,60
DA:59,60
DA:60,60
DA:61,60
DA:66,3
DA:71,6
DA:76,9
DA:86,7
DA:91,6
DA:100,14
DA:101,14
DA:102,5
DA:104,14
DA:108,12
LF:25
LH:25
BRDA:50,0,0,60
BRDA:50,0,1,26
BRDA:56,1,0,60
BRDA:56,1,1,60
BRDA:58,2,0,60
BRDA:58,2,1,60
BRDA:59,3,0,60
BRDA:59,3,1,60
BRDA:60,4,0,60
BRDA:60,4,1,53
BRDA:61,5,0,60
BRDA:61,5,1,53
BRDA:77,6,0,9
BRDA:77,6,1,5
BRDA:77,6,2,3
BRDA:77,6,3,6
BRDA:86,7,0,7
BRDA:86,7,1,4
BRDA:101,8,0,5
BRDA:101,8,1,9
BRF:20
BRH:20
end_of_record
TN:
SF:src\domain\services\SolicitudValidationService.js
FN:42,(anonymous_0)
FN:83,(anonymous_1)
FN:108,(anonymous_2)
FN:132,(anonymous_3)
FN:150,(anonymous_4)
FNF:5
FNH:5
FNDA:30,(anonymous_0)
FNDA:10,(anonymous_1)
FNDA:17,(anonymous_2)
FNDA:5,(anonymous_3)
FNDA:11,(anonymous_4)
DA:12,8
DA:13,8
DA:18,8
DA:23,8
DA:28,8
DA:33,8
DA:43,30
DA:44,4
DA:47,26
DA:48,26
DA:49,2
DA:52,24
DA:53,24
DA:55,24
DA:63,1
DA:66,23
DA:67,10
DA:73,13
DA:84,10
DA:86,10
DA:87,10
DA:88,10
DA:90,10
DA:91,10
DA:93,10
DA:94,4
DA:100,6
DA:109,17
DA:110,17
DA:112,17
DA:113,17
DA:115,17
DA:116,7
DA:122,10
DA:133,5
DA:135,5
DA:136,5
DA:137,5
DA:139,5
DA:140,5
DA:142,5
DA:151,11
DA:153,11
DA:154,11
DA:156,11
DA:157,11
DA:159,11
DA:160,5
DA:164,5
DA:165,1
DA:168,11
DA:172,8
LF:52
LH:52
BRDA:43,0,0,4
BRDA:43,0,1,26
BRDA:43,1,0,30
BRDA:43,1,1,26
BRDA:48,2,0,2
BRDA:48,2,1,24
BRDA:55,3,0,1
BRDA:55,3,1,23
BRDA:56,4,0,24
BRDA:56,4,1,23
BRDA:56,4,2,23
BRDA:56,4,3,23
BRDA:56,4,4,23
BRDA:56,4,5,23
BRDA:66,5,0,10
BRDA:66,5,1,13
BRDA:66,6,0,23
BRDA:66,6,1,19
BRDA:93,7,0,4
BRDA:93,7,1,6
BRDA:115,8,0,7
BRDA:115,8,1,10
BRDA:154,9,0,4
BRDA:154,9,1,7
BRDA:157,10,0,4
BRDA:157,10,1,7
BRDA:159,11,0,5
BRDA:159,11,1,6
BRDA:164,12,0,1
BRDA:164,12,1,4
BRF:30
BRH:30
end_of_record
TN:
SF:src\domain\services\UserValidationService.js
FN:24,(anonymous_0)
FN:30,(anonymous_1)
FN:51,(anonymous_2)
FN:90,(anonymous_3)
FN:112,(anonymous_4)
FN:135,(anonymous_5)
FN:152,(anonymous_6)
FN:155,(anonymous_7)
FNF:8
FNH:8
FNDA:18,(anonymous_0)
FNDA:21,(anonymous_1)
FNDA:16,(anonymous_2)
FNDA:14,(anonymous_3)
FNDA:15,(anonymous_4)
FNDA:17,(anonymous_5)
FNDA:9,(anonymous_6)
FNDA:10,(anonymous_7)
DA:8,7
DA:14,7
DA:25,18
DA:26,5
DA:29,13
DA:30,13
DA:31,21
DA:34,13
DA:35,4
DA:41,9
DA:52,16
DA:53,4
DA:57,12
DA:59,12
DA:60,1
DA:63,11
DA:64,11
DA:67,11
DA:68,2
DA:73,9
DA:75,9
DA:76,2
DA:82,7
DA:91,14
DA:92,14
DA:94,14
DA:95,112
DA:96,112
DA:99,14
DA:101,14
DA:102,14
DA:103,14
DA:113,15
DA:114,3
DA:117,12
DA:118,12
DA:120,12
DA:121,4
DA:127,8
DA:136,17
DA:137,17
DA:139,3
DA:140,3
DA:141,3
DA:153,9
DA:154,6
DA:155,10
DA:156,6
DA:160,7
LF:49
LH:49
BRDA:25,0,0,5
BRDA:25,0,1,13
BRDA:25,1,0,18
BRDA:25,1,1,14
BRDA:34,2,0,4
BRDA:34,2,1,9
BRDA:52,3,0,4
BRDA:52,3,1,12
BRDA:52,4,0,16
BRDA:52,4,1,12
BRDA:59,5,0,1
BRDA:59,5,1,11
BRDA:67,6,0,2
BRDA:67,6,1,9
BRDA:75,7,0,2
BRDA:75,7,1,7
BRDA:96,8,0,14
BRDA:96,8,1,98
BRDA:101,9,0,0
BRDA:101,9,1,14
BRDA:102,10,0,0
BRDA:102,10,1,14
BRDA:113,11,0,3
BRDA:113,11,1,12
BRDA:113,12,0,15
BRDA:113,12,1,12
BRDA:120,13,0,4
BRDA:120,13,1,8
BRDA:137,14,0,14
BRDA:137,14,1,3
BRDA:153,15,0,3
BRDA:153,15,1,6
BRDA:156,16,0,4
BRDA:156,16,1,2
BRF:34
BRH:32
end_of_record
